#
# There is insufficient memory for the Java Runtime Environment to continue.
# Native memory allocation (mmap) failed to map 196608 bytes for committing reserved memory.
# Possible reasons:
#   The system is out of physical RAM or swap space
#   In 32 bit mode, the process size limit was hit
# Possible solutions:
#   Reduce memory load on the system
#   Increase physical memory or swap space
#   Check if swap backing store is full
#   Use 64 bit Java on a 64 bit OS
#   Decrease Java heap size (-Xmx/-Xms)
#   Decrease number of Java threads
#   Decrease Java thread stack sizes (-Xss)
#   Set larger code cache with -XX:ReservedCodeCacheSize=
# This output file may be truncated or incomplete.
#
#  Out of Memory Error (os_linux.cpp:2643), pid=29710, tid=0x00007f86342d9700
#
# JRE version: OpenJDK Runtime Environment (8.0_181-b13) (build 1.8.0_181-8u181-b13-0ubuntu0.16.04.1-b13)
# Java VM: OpenJDK 64-Bit Server VM (25.181-b13 mixed mode linux-amd64 compressed oops)
# Failed to write core dump. Core dumps have been disabled. To enable core dumping, try "ulimit -c unlimited" before starting Java again
#

---------------  T H R E A D  ---------------

Current thread (0x00007f8644075800):  VMThread [stack: 0x00007f86341d9000,0x00007f86342da000] [id=29724]

Stack: [0x00007f86341d9000,0x00007f86342da000],  sp=0x00007f86342d8070,  free space=1020k
Native frames: (J=compiled Java code, j=interpreted, Vv=VM code, C=native code)
V  [libjvm.so+0xa70edb]
V  [libjvm.so+0x4c893c]
V  [libjvm.so+0x8bda08]
V  [libjvm.so+0x8b7d9e]
V  [libjvm.so+0xa6d7c4]
V  [libjvm.so+0x5cdd5d]
V  [libjvm.so+0x5cecea]
V  [libjvm.so+0x5bbac6]
V  [libjvm.so+0x4d064c]
V  [libjvm.so+0x61adef]
V  [libjvm.so+0x992a43]
V  [libjvm.so+0x4cd3c2]
V  [libjvm.so+0x5ba150]
V  [libjvm.so+0x4cef88]
V  [libjvm.so+0x5bb0d8]
V  [libjvm.so+0x45029f]
V  [libjvm.so+0xa71fe1]
V  [libjvm.so+0xa77d27]
V  [libjvm.so+0xa75427]
V  [libjvm.so+0xa768af]
V  [libjvm.so+0xa76da1]
V  [libjvm.so+0x8bae12]

VM_Operation (0x00007f860fffe6b0): GenCollectForAllocation, mode: safepoint, requested by thread 0x00007f8618a58000


---------------  P R O C E S S  ---------------

Java Threads: ( => current thread )
  0x0000000000edd800 JavaThread "block-manager-slave-async-thread-pool-13" daemon [_thread_blocked, id=29886, stack(0x00007f860c1df000,0x00007f860c2e0000)]
  0x00007f861007d000 JavaThread "block-manager-slave-async-thread-pool-12" daemon [_thread_blocked, id=29885, stack(0x00007f860bedc000,0x00007f860bfdd000)]
  0x00007f861c0bb800 JavaThread "block-manager-slave-async-thread-pool-11" daemon [_thread_blocked, id=29884, stack(0x00007f860cde3000,0x00007f860cee4000)]
  0x00007f861008d000 JavaThread "block-manager-slave-async-thread-pool-10" daemon [_thread_blocked, id=29883, stack(0x00007f8608ad4000,0x00007f8608bd5000)]
  0x00007f8628046000 JavaThread "Executor task launch worker for task 107" daemon [_thread_blocked, id=29882, stack(0x00007f860c8e0000,0x00007f860c9e1000)]
  0x00007f862803e800 JavaThread "threadDeathWatcher-7-1" daemon [_thread_blocked, id=29867, stack(0x00007f860aed8000,0x00007f860afd9000)]
  0x00007f8644d73800 JavaThread "shuffle-client-4-1" daemon [_thread_in_native, id=29866, stack(0x00007f860add7000,0x00007f860aed8000)]
  0x0000000000ed7000 JavaThread "block-manager-ask-thread-pool-7" daemon [_thread_blocked, id=29853, stack(0x00007f860cbe1000,0x00007f860cce2000)]
  0x00007f8644d6c000 JavaThread "block-manager-ask-thread-pool-5" daemon [_thread_blocked, id=29851, stack(0x00007f860bfdd000,0x00007f860c0de000)]
  0x00007f861006a800 JavaThread "block-manager-slave-async-thread-pool-9" daemon [_thread_blocked, id=29832, stack(0x00007f860c0de000,0x00007f860c1df000)]
  0x00007f863014f800 JavaThread "Executor task launch worker for task 80" daemon [_thread_blocked, id=29824, stack(0x00007f860d0e6000,0x00007f860d1e7000)]
  0x0000000000ed1800 JavaThread "block-manager-slave-async-thread-pool-8" daemon [_thread_blocked, id=29823, stack(0x00007f860d1e7000,0x00007f860d2e8000)]
  0x0000000000ed0800 JavaThread "block-manager-slave-async-thread-pool-7" daemon [_thread_blocked, id=29822, stack(0x00007f860cfe5000,0x00007f860d0e6000)]
  0x00007f8628037800 JavaThread "block-manager-slave-async-thread-pool-6" daemon [_thread_blocked, id=29821, stack(0x00007f860cee4000,0x00007f860cfe5000)]
  0x00007f861c3e3000 JavaThread "Thread-18" [_thread_in_native, id=29804, stack(0x00007f860daee000,0x00007f860dbef000)]
  0x00007f862802d800 JavaThread "task-result-getter-3" daemon [_thread_blocked, id=29791, stack(0x00007f860cce2000,0x00007f860cde3000)]
  0x00007f862802d000 JavaThread "task-result-getter-2" daemon [_thread_blocked, id=29790, stack(0x00007f860d5e9000,0x00007f860d6ea000)]
  0x00007f8628027000 JavaThread "task-result-getter-1" daemon [_thread_blocked, id=29783, stack(0x00007f860d2e8000,0x00007f860d3e9000)]
  0x00007f8628023000 JavaThread "task-result-getter-0" daemon [_thread_blocked, id=29782, stack(0x00007f860d6ea000,0x00007f860d7eb000)]
  0x00007f8610016000 JavaThread "stderr reader for /usr/bin/python3" daemon [_thread_in_native, id=29778, stack(0x00007f860d7eb000,0x00007f860d8ec000)]
  0x00007f8610015000 JavaThread "stdout reader for /usr/bin/python3" daemon [_thread_in_native, id=29777, stack(0x00007f860d8ec000,0x00007f860d9ed000)]
  0x00007f8610026000 JavaThread "process reaper" daemon [_thread_blocked, id=29776, stack(0x00007f862dea7000,0x00007f862dee0000)]
  0x00007f8610024800 JavaThread "Idle Worker Monitor for /usr/bin/python3" daemon [_thread_blocked, id=29774, stack(0x00007f860d9ed000,0x00007f860daee000)]
  0x00007f8618848800 JavaThread "org.apache.hadoop.fs.FileSystem$Statistics$StatisticsDataReferenceCleaner" daemon [_thread_blocked, id=29769, stack(0x00007f860f7fc000,0x00007f860f8fd000)]
  0x00007f8618a0f800 JavaThread "SparkListenerBus" daemon [_thread_blocked, id=29767, stack(0x00007f860fcfd000,0x00007f860fdfe000)]
  0x00007f8618a59800 JavaThread "context-cleaner-periodic-gc" daemon [_thread_blocked, id=29766, stack(0x00007f860fdfe000,0x00007f860feff000)]
  0x00007f8618a58000 JavaThread "Spark Context Cleaner" daemon [_thread_blocked, id=29765, stack(0x00007f860feff000,0x00007f8610000000)]
  0x00007f861865f000 JavaThread "shuffle-server-5-1" daemon [_thread_in_native, id=29764, stack(0x00007f86142f2000,0x00007f86143f3000)]
  0x00007f8618641800 JavaThread "driver-heartbeater" daemon [_thread_blocked, id=29763, stack(0x00007f86143f3000,0x00007f86144f4000)]
  0x00007f861867a000 JavaThread "dag-scheduler-event-loop" daemon [_thread_blocked, id=29762, stack(0x00007f86144f4000,0x00007f86145f5000)]
  0x0000000000eb8800 JavaThread "netty-rpc-env-timeout" daemon [_thread_blocked, id=29761, stack(0x00007f86145f5000,0x00007f86146f6000)]
  0x00007f8618787800 JavaThread "Timer-0" daemon [_thread_blocked, id=29760, stack(0x00007f86146f6000,0x00007f86147f7000)]
  0x00007f863007c800 JavaThread "heartbeat-receiver-event-loop-thread" daemon [_thread_blocked, id=29759, stack(0x00007f86147f7000,0x00007f86148f8000)]
  0x00007f8618625800 JavaThread "SparkUI-37" daemon [_thread_blocked, id=29758, stack(0x00007f86148f8000,0x00007f86149f9000)]
  0x00007f8618623800 JavaThread "SparkUI-36" daemon [_thread_blocked, id=29757, stack(0x00007f86149f9000,0x00007f8614afa000)]
  0x00007f8618622000 JavaThread "SparkUI-35" daemon [_thread_blocked, id=29756, stack(0x00007f8614afa000,0x00007f8614bfb000)]
  0x00007f8618620000 JavaThread "SparkUI-34" daemon [_thread_blocked, id=29755, stack(0x00007f8614bfb000,0x00007f8614cfc000)]
  0x00007f861861f000 JavaThread "SparkUI-33" daemon [_thread_blocked, id=29754, stack(0x00007f8614cfc000,0x00007f8614dfd000)]
  0x00007f8618634800 JavaThread "SparkUI-32" daemon [_thread_blocked, id=29753, stack(0x00007f8614dfd000,0x00007f8614efe000)]
  0x00007f8618633800 JavaThread "SparkUI-31-acceptor-0@30283948-Spark@3eefc13d{HTTP/1.1}{0.0.0.0:4040}" daemon [_thread_in_native, id=29752, stack(0x00007f8614efe000,0x00007f8614fff000)]
  0x00007f861862c800 JavaThread "SparkUI-30-selector-ServerConnectorManager@26765a49/0" daemon [_thread_in_native, id=29751, stack(0x00007f862c018000,0x00007f862c119000)]
  0x00007f86187af000 JavaThread "refresh progress" daemon [_thread_blocked, id=29749, stack(0x00007f862c3c4000,0x00007f862c4c5000)]
  0x00007f8618471000 JavaThread "map-output-dispatcher-7" daemon [_thread_blocked, id=29748, stack(0x00007f862c6c5000,0x00007f862c7c6000)]
  0x00007f861846f800 JavaThread "map-output-dispatcher-6" daemon [_thread_blocked, id=29747, stack(0x00007f862c7c6000,0x00007f862c8c7000)]
  0x00007f861846e000 JavaThread "map-output-dispatcher-5" daemon [_thread_blocked, id=29746, stack(0x00007f862c8c7000,0x00007f862c9c8000)]
  0x00007f861846c000 JavaThread "map-output-dispatcher-4" daemon [_thread_blocked, id=29745, stack(0x00007f862c9c8000,0x00007f862cac9000)]
  0x00007f861846b000 JavaThread "map-output-dispatcher-3" daemon [_thread_blocked, id=29744, stack(0x00007f862cac9000,0x00007f862cbca000)]
  0x00007f8618562800 JavaThread "map-output-dispatcher-2" daemon [_thread_blocked, id=29743, stack(0x00007f862cbca000,0x00007f862cccb000)]
  0x00007f86185da800 JavaThread "map-output-dispatcher-1" daemon [_thread_blocked, id=29742, stack(0x00007f862cccb000,0x00007f862cdcc000)]
  0x00007f86185d9000 JavaThread "map-output-dispatcher-0" daemon [_thread_blocked, id=29741, stack(0x00007f862cdcc000,0x00007f862cecd000)]
  0x00007f8618466000 JavaThread "rpc-server-3-1" daemon [_thread_blocked, id=29740, stack(0x00007f862cecd000,0x00007f862cfce000)]
  0x00007f8618322000 JavaThread "dispatcher-event-loop-1" daemon [_thread_blocked, id=29739, stack(0x00007f862d3e1000,0x00007f862d4e2000)]
  0x00007f8618320000 JavaThread "dispatcher-event-loop-0" daemon [_thread_blocked, id=29738, stack(0x00007f862dda6000,0x00007f862dea7000)]
  0x00007f861c2ca800 JavaThread "Thread-2" [_thread_blocked, id=29734, stack(0x00007f862e4ea000,0x00007f862e5eb000)]
  0x00007f8644d2d800 JavaThread "Thread-1" [_thread_in_native, id=29733, stack(0x00007f862e5eb000,0x00007f862e6ec000)]
  0x00007f8644d1e000 JavaThread "pool-1-thread-1" [_thread_blocked, id=29732, stack(0x00007f862e6ec000,0x00007f862e7ed000)]
  0x00007f86440bb000 JavaThread "Service Thread" daemon [_thread_blocked, id=29730, stack(0x00007f862f963000,0x00007f862fa64000)]
  0x00007f86440b7800 JavaThread "C1 CompilerThread1" daemon [_thread_blocked, id=29729, stack(0x00007f862fa64000,0x00007f862fb65000)]
  0x00007f86440b5800 JavaThread "C2 CompilerThread0" daemon [_thread_blocked, id=29728, stack(0x00007f862fb65000,0x00007f862fc66000)]
  0x00007f86440b4000 JavaThread "Signal Dispatcher" daemon [_thread_blocked, id=29727, stack(0x00007f862fc66000,0x00007f862fd67000)]
  0x00007f8644082000 JavaThread "Finalizer" daemon [_thread_blocked, id=29726, stack(0x00007f862feff000,0x00007f8630000000)]
  0x00007f864407d000 JavaThread "Reference Handler" daemon [_thread_blocked, id=29725, stack(0x00007f86340d8000,0x00007f86341d9000)]
  0x00007f8644011800 JavaThread "main" [_thread_in_native, id=29723, stack(0x00007f864ba85000,0x00007f864bb86000)]

Other Threads:
=>0x00007f8644075800 VMThread [stack: 0x00007f86341d9000,0x00007f86342da000] [id=29724]
  0x00007f86440bd800 WatcherThread [stack: 0x00007f862f862000,0x00007f862f963000] [id=29731]

VM state:at safepoint (normal execution)

VM Mutex/Monitor currently owned by a thread:  ([mutex/lock_event])
[0x00007f864400dc60] Threads_lock - owner thread: 0x00007f8644075800
[0x00007f864400e160] Heap_lock - owner thread: 0x00007f8618a58000

Heap:
 def new generation   total 110336K, used 98189K [0x00000000c0000000, 0x00000000c77b0000, 0x00000000d5550000)
  eden space 98112K, 100% used [0x00000000c0000000, 0x00000000c5fd0000, 0x00000000c5fd0000)
  from space 12224K,   0% used [0x00000000c5fd0000, 0x00000000c5fe3408, 0x00000000c6bc0000)
  to   space 12224K,  99% used [0x00000000c6bc0000, 0x00000000c77afff8, 0x00000000c77b0000)
 tenured generation   total 248116K, used 248115K [0x00000000d5550000, 0x00000000e479d000, 0x0000000100000000)
   the space 248116K,  99% used [0x00000000d5550000, 0x00000000e479cf98, 0x00000000e479d000, 0x00000000e479d000)
 Metaspace       used 89356K, capacity 90853K, committed 91096K, reserved 1128448K
  class space    used 11698K, capacity 11962K, committed 11992K, reserved 1048576K

Card table byte_map: [0x00007f8634dff000,0x00007f8635000000] byte_map_base: 0x00007f86347ff000

Polling page: 0x00007f864bb91000

CodeCache: size=245760Kb used=30107Kb max_used=30417Kb free=215652Kb
 bounds [0x00007f8635000000, 0x00007f8636df0000, 0x00007f8644000000]
 total_blobs=10855 nmethods=10094 adapters=672
 compilation: enabled

Compilation events (10 events):
Event: 503.112 Thread 0x00007f86440b7800 12992       3       org.apache.spark.shuffle.IndexShuffleBlockResolver::blockManager (19 bytes)
Event: 504.530 Thread 0x00007f86440b7800 nmethod 12992 0x00007f86354c5ed0 code [0x00007f86354c6040, 0x00007f86354c6220]
Event: 504.787 Thread 0x00007f86440b7800 12993       3       org.apache.spark.util.collection.SizeTrackingAppendOnlyMap::growTable (9 bytes)
Event: 507.882 Thread 0x00007f86440b7800 nmethod 12993 0x00007f8635aa8b50 code [0x00007f8635aa8d40, 0x00007f8635aa9748]
Event: 508.290 Thread 0x00007f86440b7800 12994       1       org.apache.spark.scheduler.StageInfo::name (5 bytes)
Event: 509.140 Thread 0x00007f86440b7800 nmethod 12994 0x00007f86353d61d0 code [0x00007f86353d6320, 0x00007f86353d6430]
Event: 509.249 Thread 0x00007f86440b7800 12995       1       org.apache.spark.ui.jobs.UIData$StageUIData::numFailedTasks (5 bytes)
Event: 509.975 Thread 0x00007f86440b7800 nmethod 12995 0x00007f86358b4010 code [0x00007f86358b4160, 0x00007f86358b4270]
Event: 510.140 Thread 0x00007f86440b7800 12996       1       org.apache.spark.SparkStageInfoImpl::numTasks (5 bytes)
Event: 511.232 Thread 0x00007f86440b7800 nmethod 12996 0x00007f86358aead0 code [0x00007f86358aec20, 0x00007f86358aed30]

GC Heap History (10 events):
Event: 492.840 GC heap after
Heap after GC invocations=402 (full 15):
 def new generation   total 110336K, used 12223K [0x00000000c0000000, 0x00000000c77b0000, 0x00000000d5550000)
  eden space 98112K,   0% used [0x00000000c0000000, 0x00000000c0000000, 0x00000000c5fd0000)
  from space 12224K,  99% used [0x00000000c5fd0000, 0x00000000c6bbfff0, 0x00000000c6bc0000)
  to   space 12224K,   0% used [0x00000000c6bc0000, 0x00000000c6bc0000, 0x00000000c77b0000)
 tenured generation   total 245044K, used 170148K [0x00000000d5550000, 0x00000000e449d000, 0x0000000100000000)
   the space 245044K,  69% used [0x00000000d5550000, 0x00000000dfb79038, 0x00000000dfb79200, 0x00000000e449d000)
 Metaspace       used 89349K, capacity 90847K, committed 91096K, reserved 1128448K
  class space    used 11697K, capacity 11961K, committed 11992K, reserved 1048576K
}
Event: 493.222 GC heap before
{Heap before GC invocations=402 (full 15):
 def new generation   total 110336K, used 109889K [0x00000000c0000000, 0x00000000c77b0000, 0x00000000d5550000)
  eden space 98112K,  99% used [0x00000000c0000000, 0x00000000c5f60508, 0x00000000c5fd0000)
  from space 12224K,  99% used [0x00000000c5fd0000, 0x00000000c6bbfff0, 0x00000000c6bc0000)
  to   space 12224K,   0% used [0x00000000c6bc0000, 0x00000000c6bc0000, 0x00000000c77b0000)
 tenured generation   total 245044K, used 170148K [0x00000000d5550000, 0x00000000e449d000, 0x0000000100000000)
   the space 245044K,  69% used [0x00000000d5550000, 0x00000000dfb79038, 0x00000000dfb79200, 0x00000000e449d000)
 Metaspace       used 89355K, capacity 90853K, committed 91096K, reserved 1128448K
  class space    used 11698K, capacity 11962K, committed 11992K, reserved 1048576K
Event: 493.230 GC heap after
Heap after GC invocations=403 (full 15):
 def new generation   total 110336K, used 3159K [0x00000000c0000000, 0x00000000c77b0000, 0x00000000d5550000)
  eden space 98112K,   0% used [0x00000000c0000000, 0x00000000c0000000, 0x00000000c5fd0000)
  from space 12224K,  25% used [0x00000000c6bc0000, 0x00000000c6ed5e40, 0x00000000c77b0000)
  to   space 12224K,   0% used [0x00000000c5fd0000, 0x00000000c5fd0000, 0x00000000c6bc0000)
 tenured generation   total 245044K, used 171135K [0x00000000d5550000, 0x00000000e449d000, 0x0000000100000000)
   the space 245044K,  69% used [0x00000000d5550000, 0x00000000dfc6ff98, 0x00000000dfc70000, 0x00000000e449d000)
 Metaspace       used 89355K, capacity 90853K, committed 91096K, reserved 1128448K
  class space    used 11698K, capacity 11962K, committed 11992K, reserved 1048576K
}
Event: 493.614 GC heap before
{Heap before GC invocations=403 (full 15):
 def new generation   total 110336K, used 101271K [0x00000000c0000000, 0x00000000c77b0000, 0x00000000d5550000)
  eden space 98112K, 100% used [0x00000000c0000000, 0x00000000c5fd0000, 0x00000000c5fd0000)
  from space 12224K,  25% used [0x00000000c6bc0000, 0x00000000c6ed5e40, 0x00000000c77b0000)
  to   space 12224K,   0% used [0x00000000c5fd0000, 0x00000000c5fd0000, 0x00000000c6bc0000)
 tenured generation   total 245044K, used 171135K [0x00000000d5550000, 0x00000000e449d000, 0x0000000100000000)
   the space 245044K,  69% used [0x00000000d5550000, 0x00000000dfc6ff98, 0x00000000dfc70000, 0x00000000e449d000)
 Metaspace       used 89355K, capacity 90853K, committed 91096K, reserved 1128448K
  class space    used 11698K, capacity 11962K, committed 11992K, reserved 1048576K
Event: 493.630 GC heap after
Heap after GC invocations=404 (full 15):
 def new generation   total 110336K, used 7083K [0x00000000c0000000, 0x00000000c77b0000, 0x00000000d5550000)
  eden space 98112K,   0% used [0x00000000c0000000, 0x00000000c0000000, 0x00000000c5fd0000)
  from space 12224K,  57% used [0x00000000c5fd0000, 0x00000000c66bac40, 0x00000000c6bc0000)
  to   space 12224K,   0% used [0x00000000c6bc0000, 0x00000000c6bc0000, 0x00000000c77b0000)
 tenured generation   total 245044K, used 194143K [0x00000000d5550000, 0x00000000e449d000, 0x0000000100000000)
   the space 245044K,  79% used [0x00000000d5550000, 0x00000000e12e7fb8, 0x00000000e12e8000, 0x00000000e449d000)
 Metaspace       used 89355K, capacity 90853K, committed 91096K, reserved 1128448K
  class space    used 11698K, capacity 11962K, committed 11992K, reserved 1048576K
}
Event: 494.043 GC heap before
{Heap before GC invocations=404 (full 15):
 def new generation   total 110336K, used 105195K [0x00000000c0000000, 0x00000000c77b0000, 0x00000000d5550000)
  eden space 98112K, 100% used [0x00000000c0000000, 0x00000000c5fd0000, 0x00000000c5fd0000)
  from space 12224K,  57% used [0x00000000c5fd0000, 0x00000000c66bac40, 0x00000000c6bc0000)
  to   space 12224K,   0% used [0x00000000c6bc0000, 0x00000000c6bc0000, 0x00000000c77b0000)
 tenured generation   total 245044K, used 194143K [0x00000000d5550000, 0x00000000e449d000, 0x0000000100000000)
   the space 245044K,  79% used [0x00000000d5550000, 0x00000000e12e7fb8, 0x00000000e12e8000, 0x00000000e449d000)
 Metaspace       used 89355K, capacity 90853K, committed 91096K, reserved 1128448K
  class space    used 11698K, capacity 11962K, committed 11992K, reserved 1048576K
Event: 494.143 GC heap after
Heap after GC invocations=405 (full 15):
 def new generation   total 110336K, used 12223K [0x00000000c0000000, 0x00000000c77b0000, 0x00000000d5550000)
  eden space 98112K,   0% used [0x00000000c0000000, 0x00000000c0000000, 0x00000000c5fd0000)
  from space 12224K,  99% used [0x00000000c6bc0000, 0x00000000c77afff8, 0x00000000c77b0000)
  to   space 12224K,   0% used [0x00000000c5fd0000, 0x00000000c5fd0000, 0x00000000c6bc0000)
 tenured generation   total 245044K, used 233181K [0x00000000d5550000, 0x00000000e449d000, 0x0000000100000000)
   the space 245044K,  95% used [0x00000000d5550000, 0x00000000e39075c0, 0x00000000e3907600, 0x00000000e449d000)
 Metaspace       used 89355K, capacity 90853K, committed 91096K, reserved 1128448K
  class space    used 11698K, capacity 11962K, committed 11992K, reserved 1048576K
}
Event: 497.596 GC heap before
{Heap before GC invocations=405 (full 15):
 def new generation   total 110336K, used 110335K [0x00000000c0000000, 0x00000000c77b0000, 0x00000000d5550000)
  eden space 98112K, 100% used [0x00000000c0000000, 0x00000000c5fd0000, 0x00000000c5fd0000)
  from space 12224K,  99% used [0x00000000c6bc0000, 0x00000000c77afff8, 0x00000000c77b0000)
  to   space 12224K,   0% used [0x00000000c5fd0000, 0x00000000c5fd0000, 0x00000000c6bc0000)
 tenured generation   total 245044K, used 233181K [0x00000000d5550000, 0x00000000e449d000, 0x0000000100000000)
   the space 245044K,  95% used [0x00000000d5550000, 0x00000000e39075c0, 0x00000000e3907600, 0x00000000e449d000)
 Metaspace       used 89355K, capacity 90853K, committed 91096K, reserved 1128448K
  class space    used 11698K, capacity 11962K, committed 11992K, reserved 1048576K
Event: 497.920 GC heap after
Heap after GC invocations=406 (full 15):
 def new generation   total 110336K, used 77K [0x00000000c0000000, 0x00000000c77b0000, 0x00000000d5550000)
  eden space 98112K,   0% used [0x00000000c0000000, 0x00000000c0000000, 0x00000000c5fd0000)
  from space 12224K,   0% used [0x00000000c5fd0000, 0x00000000c5fe3408, 0x00000000c6bc0000)
  to   space 12224K,   0% used [0x00000000c6bc0000, 0x00000000c6bc0000, 0x00000000c77b0000)
 tenured generation   total 245044K, used 239045K [0x00000000d5550000, 0x00000000e449d000, 0x0000000100000000)
   the space 245044K,  97% used [0x00000000d5550000, 0x00000000e3ec17c8, 0x00000000e3ec1800, 0x00000000e449d000)
 Metaspace       used 89355K, capacity 90853K, committed 91096K, reserved 1128448K
  class space    used 11698K, capacity 11962K, committed 11992K, reserved 1048576K
}
Event: 518.917 GC heap before
{Heap before GC invocations=406 (full 15):
 def new generation   total 110336K, used 98189K [0x00000000c0000000, 0x00000000c77b0000, 0x00000000d5550000)
  eden space 98112K, 100% used [0x00000000c0000000, 0x00000000c5fd0000, 0x00000000c5fd0000)
  from space 12224K,   0% used [0x00000000c5fd0000, 0x00000000c5fe3408, 0x00000000c6bc0000)
  to   space 12224K,   0% used [0x00000000c6bc0000, 0x00000000c6bc0000, 0x00000000c77b0000)
 tenured generation   total 245044K, used 239045K [0x00000000d5550000, 0x00000000e449d000, 0x0000000100000000)
   the space 245044K,  97% used [0x00000000d5550000, 0x00000000e3ec17c8, 0x00000000e3ec1800, 0x00000000e449d000)
 Metaspace       used 89356K, capacity 90853K, committed 91096K, reserved 1128448K
  class space    used 11698K, capacity 11962K, committed 11992K, reserved 1048576K

Deoptimization events (10 events):
Event: 480.108 Thread 0x00007f861867a000 Uncommon trap: reason=bimorphic action=maybe_recompile pc=0x00007f8636b9f688 method=scala.Option.orElse(Lscala/Function0;)Lscala/Option; @ 8
Event: 480.108 Thread 0x00007f861867a000 Uncommon trap: reason=bimorphic action=maybe_recompile pc=0x00007f8636b9f688 method=scala.Option.orElse(Lscala/Function0;)Lscala/Option; @ 8
Event: 480.122 Thread 0x00007f863014f800 Uncommon trap: reason=bimorphic action=maybe_recompile pc=0x00007f8635b33788 method=scala.collection.TraversableOnce$class.toArray(Lscala/collection/TraversableOnce;Lscala/reflect/ClassTag;)Ljava/lang/Object; @ 35
Event: 480.722 Thread 0x00007f863014f800 Uncommon trap: reason=unstable_if action=reinterpret pc=0x00007f863685f4c0 method=com.esotericsoftware.kryo.util.IntArray.add(I)V @ 11
Event: 480.777 Thread 0x00007f863014f800 Uncommon trap: reason=unstable_if action=reinterpret pc=0x00007f86368497b0 method=org.apache.spark.io.LZ4BlockInputStream.read([BII)I @ 14
Event: 481.198 Thread 0x00007f863014f800 Uncommon trap: reason=predicate action=maybe_recompile pc=0x00007f8636c64d70 method=org.apache.spark.util.collection.TimSort.reverseRange(Ljava/lang/Object;II)V @ 8
Event: 481.227 Thread 0x00007f8628046000 Uncommon trap: reason=unstable_if action=reinterpret pc=0x00007f8636ae4a58 method=org.apache.spark.ml.tree.impl.RandomForest$.binsToBestSplit(Lorg/apache/spark/ml/tree/impl/DTStatsAggregator;[[Lorg/apache/spark/ml/tree/Split;Lscala/Option;Lorg/apache/spar
Event: 481.227 Thread 0x00007f8628046000 Uncommon trap: reason=unstable_if action=reinterpret pc=0x00007f8636a15488 method=org.apache.spark.ml.tree.impl.RandomForest$.binsToBestSplit(Lorg/apache/spark/ml/tree/impl/DTStatsAggregator;[[Lorg/apache/spark/ml/tree/Split;Lscala/Option;Lorg/apache/spar
Event: 481.614 Thread 0x00007f861c2ca800 Uncommon trap: reason=unstable_if action=reinterpret pc=0x00007f8636be0704 method=scala.collection.immutable.Map$Map4.get(Ljava/lang/Object;)Lscala/Option; @ 7
Event: 483.713 Thread 0x00007f8628046000 Uncommon trap: reason=class_check action=maybe_recompile pc=0x00007f8635d0a7fc method=org.apache.spark.memory.TaskMemoryManager.cleanUpAllAllocatedMemory()J @ 27

Classes redefined (0 events):
No events

Internal exceptions (10 events):
Event: 436.050 Thread 0x00007f863014f800 Implicit null exception at 0x00007f86369a4d08 to 0x00007f86369a53ad
Event: 437.476 Thread 0x00007f863014f800 Implicit null exception at 0x00007f8636b45f38 to 0x00007f8636b46259
Event: 437.476 Thread 0x00007f863014f800 Implicit null exception at 0x00007f863651e719 to 0x00007f863651eee5
Event: 437.815 Thread 0x00007f863014f800 Implicit null exception at 0x00007f8636b5e910 to 0x00007f8636b5f859
Event: 442.745 Thread 0x00007f863014f800 Exception <a 'java/lang/NoSuchMethodError': <clinit>> (0x00000000c0251fd8) thrown at [/build/openjdk-8-pREaNj/openjdk-8-8u181-b13/src/hotspot/src/share/vm/prims/jni.cpp, line 1613]
Event: 442.745 Thread 0x00007f863014f800 Exception <a 'java/lang/NoSuchMethodError': <clinit>> (0x00000000c025e528) thrown at [/build/openjdk-8-pREaNj/openjdk-8-8u181-b13/src/hotspot/src/share/vm/prims/jni.cpp, line 1613]
Event: 443.509 Thread 0x00007f863014f800 Exception <a 'java/lang/NoSuchMethodError': <clinit>> (0x00000000c0aa2008) thrown at [/build/openjdk-8-pREaNj/openjdk-8-8u181-b13/src/hotspot/src/share/vm/prims/jni.cpp, line 1613]
Event: 443.510 Thread 0x00007f863014f800 Exception <a 'java/lang/NoSuchMethodError': <clinit>> (0x00000000c0aa9538) thrown at [/build/openjdk-8-pREaNj/openjdk-8-8u181-b13/src/hotspot/src/share/vm/prims/jni.cpp, line 1613]
Event: 443.755 Thread 0x00007f861c2ca800 Exception <a 'java/lang/NoSuchMethodError': <clinit>> (0x00000000c1607470) thrown at [/build/openjdk-8-pREaNj/openjdk-8-8u181-b13/src/hotspot/src/share/vm/prims/jni.cpp, line 1613]
Event: 443.756 Thread 0x00007f861c2ca800 Exception <a 'java/lang/NoSuchMethodError': <clinit>> (0x00000000c16323c0) thrown at [/build/openjdk-8-pREaNj/openjdk-8-8u181-b13/src/hotspot/src/share/vm/prims/jni.cpp, line 1613]

Events (10 events):
Event: 508.151 Thread 0x00007f86440b7800 flushing nmethod 0x00007f8635bcc950
Event: 508.220 Thread 0x00007f86440b7800 flushing nmethod 0x00007f8635bd3bd0
Event: 509.180 Thread 0x00007f86440b7800 flushing nmethod 0x00007f8635c17e90
Event: 509.203 Thread 0x00007f86440b7800 flushing nmethod 0x00007f8635d09f90
Event: 510.045 Thread 0x00007f86440b7800 flushing nmethod 0x00007f8635e3e5d0
Event: 510.063 Thread 0x00007f86440b7800 flushing nmethod 0x00007f8635f37910
Event: 510.067 Thread 0x00007f86440b7800 flushing nmethod 0x00007f863601ae50
Event: 511.346 Thread 0x00007f86440b7800 flushing nmethod 0x00007f86360b32d0
Event: 511.365 Thread 0x00007f86440b7800 flushing nmethod 0x00007f86361bd750
Event: 518.889 Executing VM operation: GenCollectForAllocation


Dynamic libraries:
00400000-00401000 r-xp 00000000 ca:01 256949                             /usr/lib/jvm/java-8-openjdk-amd64/jre/bin/java
00600000-00601000 r--p 00000000 ca:01 256949                             /usr/lib/jvm/java-8-openjdk-amd64/jre/bin/java
00601000-00602000 rw-p 00001000 ca:01 256949                             /usr/lib/jvm/java-8-openjdk-amd64/jre/bin/java
00e93000-00f03000 rw-p 00000000 00:00 0                                  [heap]
c0000000-c77b0000 rw-p 00000000 00:00 0 
c77b0000-d5550000 ---p 00000000 00:00 0 
d5550000-e479d000 rw-p 00000000 00:00 0 
e47cd000-100000000 ---p 00000000 00:00 0 
100000000-100bb6000 rw-p 00000000 00:00 0 
100bb6000-140000000 ---p 00000000 00:00 0 
7f8608ad4000-7f8608ad7000 ---p 00000000 00:00 0 
7f8608ad7000-7f860ad17000 rw-p 00000000 00:00 0 
7f860ad17000-7f860add7000 ---p 00000000 00:00 0 
7f860add7000-7f860adda000 ---p 00000000 00:00 0 
7f860adda000-7f860aed8000 rw-p 00000000 00:00 0 
7f860aed8000-7f860aedb000 ---p 00000000 00:00 0 
7f860aedb000-7f860afd9000 rw-p 00000000 00:00 0 
7f860afd9000-7f860afdc000 ---p 00000000 00:00 0 
7f860afdc000-7f860b0da000 rw-p 00000000 00:00 0 
7f860b0da000-7f860b0dd000 ---p 00000000 00:00 0 
7f860b0dd000-7f860b1db000 rw-p 00000000 00:00 0 
7f860b1db000-7f860b1de000 ---p 00000000 00:00 0 
7f860b1de000-7f860b4dc000 rw-p 00000000 00:00 0 
7f860b4dc000-7f860b6dc000 rw-p 00000000 00:00 0 
7f860b6dc000-7f860b8dc000 rw-p 00000000 00:00 0 
7f860b8dc000-7f860badc000 rw-p 00000000 00:00 0 
7f860badc000-7f860bcdc000 rw-p 00000000 00:00 0 
7f860bcdc000-7f860bedc000 rw-p 00000000 00:00 0 
7f860bedc000-7f860bedf000 ---p 00000000 00:00 0 
7f860bedf000-7f860bfdd000 rw-p 00000000 00:00 0 
7f860bfdd000-7f860bfe0000 ---p 00000000 00:00 0 
7f860bfe0000-7f860c0de000 rw-p 00000000 00:00 0 
7f860c0de000-7f860c0e1000 ---p 00000000 00:00 0 
7f860c0e1000-7f860c1df000 rw-p 00000000 00:00 0 
7f860c1df000-7f860c1e2000 ---p 00000000 00:00 0 
7f860c1e2000-7f860c4e0000 rw-p 00000000 00:00 0 
7f860c4e0000-7f860c6e0000 rw-p 00000000 00:00 0 
7f860c6e0000-7f860c8e0000 rw-p 00000000 00:00 0 
7f860c8e0000-7f860c8e3000 ---p 00000000 00:00 0 
7f860c8e3000-7f860cbe1000 rw-p 00000000 00:00 0 
7f860cbe1000-7f860cbe4000 ---p 00000000 00:00 0 
7f860cbe4000-7f860cce2000 rw-p 00000000 00:00 0 
7f860cce2000-7f860cce5000 ---p 00000000 00:00 0 
7f860cce5000-7f860cde3000 rw-p 00000000 00:00 0 
7f860cde3000-7f860cde6000 ---p 00000000 00:00 0 
7f860cde6000-7f860cee4000 rw-p 00000000 00:00 0 
7f860cee4000-7f860cee7000 ---p 00000000 00:00 0 
7f860cee7000-7f860cfe5000 rw-p 00000000 00:00 0 
7f860cfe5000-7f860cfe8000 ---p 00000000 00:00 0 
7f860cfe8000-7f860d0e6000 rw-p 00000000 00:00 0 
7f860d0e6000-7f860d0e9000 ---p 00000000 00:00 0 
7f860d0e9000-7f860d1e7000 rw-p 00000000 00:00 0 
7f860d1e7000-7f860d1ea000 ---p 00000000 00:00 0 
7f860d1ea000-7f860d2e8000 rw-p 00000000 00:00 0 
7f860d2e8000-7f860d2eb000 ---p 00000000 00:00 0 
7f860d2eb000-7f860d5e9000 rw-p 00000000 00:00 0 
7f860d5e9000-7f860d5ec000 ---p 00000000 00:00 0 
7f860d5ec000-7f860d6ea000 rw-p 00000000 00:00 0 
7f860d6ea000-7f860d6ed000 ---p 00000000 00:00 0 
7f860d6ed000-7f860d7eb000 rw-p 00000000 00:00 0 
7f860d7eb000-7f860d7ee000 ---p 00000000 00:00 0 
7f860d7ee000-7f860d8ec000 rw-p 00000000 00:00 0 
7f860d8ec000-7f860d8ef000 ---p 00000000 00:00 0 
7f860d8ef000-7f860d9ed000 rw-p 00000000 00:00 0 
7f860d9ed000-7f860d9f0000 ---p 00000000 00:00 0 
7f860d9f0000-7f860daee000 rw-p 00000000 00:00 0 
7f860daee000-7f860daf1000 ---p 00000000 00:00 0 
7f860daf1000-7f860dbef000 rw-p 00000000 00:00 0 
7f860dbef000-7f860dbfc000 r-xp 00000000 ca:01 16352                      /tmp/liblz4-java8222168099022954493.so
7f860dbfc000-7f860ddfb000 ---p 0000d000 ca:01 16352                      /tmp/liblz4-java8222168099022954493.so
7f860ddfb000-7f860ddfc000 rw-p 0000c000 ca:01 16352                      /tmp/liblz4-java8222168099022954493.so
7f860ddfc000-7f860dffc000 rw-p 00000000 00:00 0 
7f860dffc000-7f860e1fc000 rw-p 00000000 00:00 0 
7f860e1fc000-7f860e3fc000 rw-p 00000000 00:00 0 
7f860e3fc000-7f860e5fc000 rw-p 00000000 00:00 0 
7f860e5fc000-7f860e7fc000 rw-p 00000000 00:00 0 
7f860e7fc000-7f860e9fc000 rw-p 00000000 00:00 0 
7f860e9fc000-7f860ebfc000 rw-p 00000000 00:00 0 
7f860ebfc000-7f860edfc000 rw-p 00000000 00:00 0 
7f860edfc000-7f860effc000 rw-p 00000000 00:00 0 
7f860effc000-7f860f1fc000 rw-p 00000000 00:00 0 
7f860f1fc000-7f860f3fc000 rw-p 00000000 00:00 0 
7f860f3fc000-7f860f5fc000 rw-p 00000000 00:00 0 
7f860f5fc000-7f860f7fc000 rw-p 00000000 00:00 0 
7f860f7fc000-7f860f7ff000 ---p 00000000 00:00 0 
7f860f7ff000-7f860fafd000 rw-p 00000000 00:00 0 
7f860fafd000-7f860fcfd000 rw-p 00000000 00:00 0 
7f860fcfd000-7f860fd00000 ---p 00000000 00:00 0 
7f860fd00000-7f860fdfe000 rw-p 00000000 00:00 0 
7f860fdfe000-7f860fe01000 ---p 00000000 00:00 0 
7f860fe01000-7f860feff000 rw-p 00000000 00:00 0 
7f860feff000-7f860ff02000 ---p 00000000 00:00 0 
7f860ff02000-7f8610000000 rw-p 00000000 00:00 0 
7f8610000000-7f86100db000 rw-p 00000000 00:00 0 
7f86100db000-7f8614000000 ---p 00000000 00:00 0 
7f86140f2000-7f86142f2000 rw-p 00000000 00:00 0 
7f86142f2000-7f86142f5000 ---p 00000000 00:00 0 
7f86142f5000-7f86143f3000 rw-p 00000000 00:00 0 
7f86143f3000-7f86143f6000 ---p 00000000 00:00 0 
7f86143f6000-7f86144f4000 rw-p 00000000 00:00 0 
7f86144f4000-7f86144f7000 ---p 00000000 00:00 0 
7f86144f7000-7f86145f5000 rw-p 00000000 00:00 0 
7f86145f5000-7f86145f8000 ---p 00000000 00:00 0 
7f86145f8000-7f86146f6000 rw-p 00000000 00:00 0 
7f86146f6000-7f86146f9000 ---p 00000000 00:00 0 
7f86146f9000-7f86147f7000 rw-p 00000000 00:00 0 
7f86147f7000-7f86147fa000 ---p 00000000 00:00 0 
7f86147fa000-7f86148f8000 rw-p 00000000 00:00 0 
7f86148f8000-7f86148fb000 ---p 00000000 00:00 0 
7f86148fb000-7f86149f9000 rw-p 00000000 00:00 0 
7f86149f9000-7f86149fc000 ---p 00000000 00:00 0 
7f86149fc000-7f8614afa000 rw-p 00000000 00:00 0 
7f8614afa000-7f8614afd000 ---p 00000000 00:00 0 
7f8614afd000-7f8614bfb000 rw-p 00000000 00:00 0 
7f8614bfb000-7f8614bfe000 ---p 00000000 00:00 0 
7f8614bfe000-7f8614cfc000 rw-p 00000000 00:00 0 
7f8614cfc000-7f8614cff000 ---p 00000000 00:00 0 
7f8614cff000-7f8614dfd000 rw-p 00000000 00:00 0 
7f8614dfd000-7f8614e00000 ---p 00000000 00:00 0 
7f8614e00000-7f8614efe000 rw-p 00000000 00:00 0 
7f8614efe000-7f8614f01000 ---p 00000000 00:00 0 
7f8614f01000-7f8618000000 rw-p 00000000 00:00 0 
7f8618000000-7f861aea0000 rw-p 00000000 00:00 0 
7f861aea0000-7f861c000000 ---p 00000000 00:00 0 
7f861c000000-7f861cfde000 rw-p 00000000 00:00 0 
7f861cfde000-7f8620000000 ---p 00000000 00:00 0 
7f8620000000-7f862005a000 rw-p 00000000 00:00 0 
7f862005a000-7f8624000000 ---p 00000000 00:00 0 
7f8624000000-7f8624021000 rw-p 00000000 00:00 0 
7f8624021000-7f8628000000 ---p 00000000 00:00 0 
7f8628000000-7f862804b000 rw-p 00000000 00:00 0 
7f862804b000-7f862c000000 ---p 00000000 00:00 0 
7f862c018000-7f862c01b000 ---p 00000000 00:00 0 
7f862c01b000-7f862c319000 rw-p 00000000 00:00 0 
7f862c3c4000-7f862c3c7000 ---p 00000000 00:00 0 
7f862c3c7000-7f862c6c5000 rw-p 00000000 00:00 0 
7f862c6c5000-7f862c6c8000 ---p 00000000 00:00 0 
7f862c6c8000-7f862c7c6000 rw-p 00000000 00:00 0 
7f862c7c6000-7f862c7c9000 ---p 00000000 00:00 0 
7f862c7c9000-7f862c8c7000 rw-p 00000000 00:00 0 
7f862c8c7000-7f862c8ca000 ---p 00000000 00:00 0 
7f862c8ca000-7f862c9c8000 rw-p 00000000 00:00 0 
7f862c9c8000-7f862c9cb000 ---p 00000000 00:00 0 
7f862c9cb000-7f862cac9000 rw-p 00000000 00:00 0 
7f862cac9000-7f862cacc000 ---p 00000000 00:00 0 
7f862cacc000-7f862cbca000 rw-p 00000000 00:00 0 
7f862cbca000-7f862cbcd000 ---p 00000000 00:00 0 
7f862cbcd000-7f862cccb000 rw-p 00000000 00:00 0 
7f862cccb000-7f862ccce000 ---p 00000000 00:00 0 
7f862ccce000-7f862cdcc000 rw-p 00000000 00:00 0 
7f862cdcc000-7f862cdcf000 ---p 00000000 00:00 0 
7f862cdcf000-7f862cecd000 rw-p 00000000 00:00 0 
7f862cecd000-7f862ced0000 ---p 00000000 00:00 0 
7f862ced0000-7f862cfce000 rw-p 00000000 00:00 0 
7f862cfce000-7f862cfdf000 r-xp 00000000 ca:01 256909                     /usr/lib/jvm/java-8-openjdk-amd64/jre/lib/amd64/libnio.so
7f862cfdf000-7f862d1df000 ---p 00011000 ca:01 256909                     /usr/lib/jvm/java-8-openjdk-amd64/jre/lib/amd64/libnio.so
7f862d1df000-7f862d1e0000 r--p 00011000 ca:01 256909                     /usr/lib/jvm/java-8-openjdk-amd64/jre/lib/amd64/libnio.so
7f862d1e0000-7f862d1e1000 rw-p 00012000 ca:01 256909                     /usr/lib/jvm/java-8-openjdk-amd64/jre/lib/amd64/libnio.so
7f862d1e1000-7f862d3e1000 rw-p 00000000 00:00 0 
7f862d3e1000-7f862d3e4000 ---p 00000000 00:00 0 
7f862d3e4000-7f862d6e2000 rw-p 00000000 00:00 0 
7f862d6e2000-7f862d6f9000 r-xp 00000000 ca:01 1984                       /lib/x86_64-linux-gnu/libresolv-2.23.so
7f862d6f9000-7f862d8f9000 ---p 00017000 ca:01 1984                       /lib/x86_64-linux-gnu/libresolv-2.23.so
7f862d8f9000-7f862d8fa000 r--p 00017000 ca:01 1984                       /lib/x86_64-linux-gnu/libresolv-2.23.so
7f862d8fa000-7f862d8fb000 rw-p 00018000 ca:01 1984                       /lib/x86_64-linux-gnu/libresolv-2.23.so
7f862d8fb000-7f862d8fd000 rw-p 00000000 00:00 0 
7f862d8fd000-7f862d902000 r-xp 00000000 ca:01 1990                       /lib/x86_64-linux-gnu/libnss_dns-2.23.so
7f862d902000-7f862db02000 ---p 00005000 ca:01 1990                       /lib/x86_64-linux-gnu/libnss_dns-2.23.so
7f862db02000-7f862db03000 r--p 00005000 ca:01 1990                       /lib/x86_64-linux-gnu/libnss_dns-2.23.so
7f862db03000-7f862db04000 rw-p 00006000 ca:01 1990                       /lib/x86_64-linux-gnu/libnss_dns-2.23.so
7f862db8a000-7f862db8c000 r--s 00016000 ca:01 256882                     /usr/lib/jvm/java-8-openjdk-amd64/jre/lib/jce.jar
7f862db8c000-7f862db91000 r--s 0009d000 ca:01 256862                     /usr/lib/jvm/java-8-openjdk-amd64/jre/lib/jsse.jar
7f862db91000-7f862dba4000 r--s 00346000 ca:01 256864                     /usr/lib/jvm/java-8-openjdk-amd64/jre/lib/resources.jar
7f862dba4000-7f862dba5000 r-xp 00000000 ca:01 256908                     /usr/lib/jvm/java-8-openjdk-amd64/jre/lib/amd64/libjaas_unix.so
7f862dba5000-7f862dda4000 ---p 00001000 ca:01 256908                     /usr/lib/jvm/java-8-openjdk-amd64/jre/lib/amd64/libjaas_unix.so
7f862dda4000-7f862dda5000 r--p 00000000 ca:01 256908                     /usr/lib/jvm/java-8-openjdk-amd64/jre/lib/amd64/libjaas_unix.so
7f862dda5000-7f862dda6000 rw-p 00001000 ca:01 256908                     /usr/lib/jvm/java-8-openjdk-amd64/jre/lib/amd64/libjaas_unix.so
7f862dda6000-7f862dda9000 ---p 00000000 00:00 0 
7f862dda9000-7f862dea7000 rw-p 00000000 00:00 0 
7f862dea7000-7f862deaa000 ---p 00000000 00:00 0 
7f862deaa000-7f862e0e0000 rw-p 00000000 00:00 0 
7f862e0e0000-7f862e2e0000 rw-p 00000000 00:00 0 
7f862e2e0000-7f862e2e9000 r-xp 00000000 ca:01 256894                     /usr/lib/jvm/java-8-openjdk-amd64/jre/lib/amd64/libmanagement.so
7f862e2e9000-7f862e4e8000 ---p 00009000 ca:01 256894                     /usr/lib/jvm/java-8-openjdk-amd64/jre/lib/amd64/libmanagement.so
7f862e4e8000-7f862e4e9000 r--p 00008000 ca:01 256894                     /usr/lib/jvm/java-8-openjdk-amd64/jre/lib/amd64/libmanagement.so
7f862e4e9000-7f862e4ea000 rw-p 00009000 ca:01 256894                     /usr/lib/jvm/java-8-openjdk-amd64/jre/lib/amd64/libmanagement.so
7f862e4ea000-7f862e4ed000 ---p 00000000 00:00 0 
7f862e4ed000-7f862e5eb000 rw-p 00000000 00:00 0 
7f862e5eb000-7f862e5ee000 ---p 00000000 00:00 0 
7f862e5ee000-7f862e6ec000 rw-p 00000000 00:00 0 
7f862e6ec000-7f862e6ef000 ---p 00000000 00:00 0 
7f862e6ef000-7f862e9ed000 rw-p 00000000 00:00 0 
7f862e9ed000-7f862ea04000 r-xp 00000000 ca:01 256888                     /usr/lib/jvm/java-8-openjdk-amd64/jre/lib/amd64/libnet.so
7f862ea04000-7f862ec03000 ---p 00017000 ca:01 256888                     /usr/lib/jvm/java-8-openjdk-amd64/jre/lib/amd64/libnet.so
7f862ec03000-7f862ec04000 r--p 00016000 ca:01 256888                     /usr/lib/jvm/java-8-openjdk-amd64/jre/lib/amd64/libnet.so
7f862ec04000-7f862ec05000 rw-p 00017000 ca:01 256888                     /usr/lib/jvm/java-8-openjdk-amd64/jre/lib/amd64/libnet.so
7f862ec05000-7f862ec08000 r--s 00015000 ca:01 261533                     /home/ubuntu/spark-2.1.1-bin-hadoop2.7/jars/javax.servlet-api-3.1.0.jar
7f862ec08000-7f862ec34000 r--s 001c9000 ca:01 261798                     /home/ubuntu/spark-2.1.1-bin-hadoop2.7/jars/shapeless_2.11-2.0.0.jar
7f862ec34000-7f862ec3f000 r--s 000b0000 ca:01 261731                     /home/ubuntu/spark-2.1.1-bin-hadoop2.7/jars/jtransforms-2.4.0.jar
7f862ec3f000-7f862ec45000 r--s 00043000 ca:01 261858                     /home/ubuntu/spark-2.1.1-bin-hadoop2.7/jars/commons-configuration-1.6.jar
7f862ec45000-7f862ec49000 r--s 00019000 ca:01 261784                     /home/ubuntu/spark-2.1.1-bin-hadoop2.7/jars/javax.ws.rs-api-2.0.1.jar
7f862ec49000-7f862ec4b000 r--s 00009000 ca:01 261839                     /home/ubuntu/spark-2.1.1-bin-hadoop2.7/jars/commons-cli-1.2.jar
7f862ec4b000-7f862ec55000 r--s 00095000 ca:01 261728                     /home/ubuntu/spark-2.1.1-bin-hadoop2.7/jars/scala-xml_2.11-1.0.2.jar
7f862ec55000-7f862ec5a000 r--s 00031000 ca:01 261744                     /home/ubuntu/spark-2.1.1-bin-hadoop2.7/jars/parquet-hadoop-1.8.1.jar
7f862ec5a000-7f862ec5e000 r--s 00020000 ca:01 261720                     /home/ubuntu/spark-2.1.1-bin-hadoop2.7/jars/commons-digester-1.8.jar
7f862ec5e000-7f862ec60000 r--s 00027000 ca:01 261790                     /home/ubuntu/spark-2.1.1-bin-hadoop2.7/jars/core-1.1.2.jar
7f862ec60000-7f862ec77000 r--s 00183000 ca:01 261753                     /home/ubuntu/spark-2.1.1-bin-hadoop2.7/jars/hadoop-yarn-common-2.7.3.jar
7f862ec77000-7f862ec78000 r--s 00004000 ca:01 261711                     /home/ubuntu/spark-2.1.1-bin-hadoop2.7/jars/eigenbase-properties-1.1.5.jar
7f862ec78000-7f862ec7e000 r--s 00044000 ca:01 261763                     /home/ubuntu/spark-2.1.1-bin-hadoop2.7/jars/antlr4-runtime-4.5.3.jar
7f862ec7e000-7f862ec80000 r--s 0000b000 ca:01 261840                     /home/ubuntu/spark-2.1.1-bin-hadoop2.7/jars/chill-java-0.8.0.jar
7f862ec80000-7f862ec8a000 r--s 00086000 ca:01 261718                     /home/ubuntu/spark-2.1.1-bin-hadoop2.7/jars/json4s-core_2.11-3.2.11.jar
7f862ec8a000-7f862ec8c000 r--s 0000f000 ca:01 261566                     /home/ubuntu/spark-2.1.1-bin-hadoop2.7/jars/activation-1.1.1.jar
7f862ec8c000-7f862ec90000 r--s 00031000 ca:01 261583                     /home/ubuntu/spark-2.1.1-bin-hadoop2.7/jars/jline-2.12.1.jar
7f862ec90000-7f862ec96000 r--s 00028000 ca:01 261745                     /home/ubuntu/spark-2.1.1-bin-hadoop2.7/jars/curator-framework-2.6.0.jar
7f862ec96000-7f862eca3000 r--s 000b1000 ca:01 261545                     /home/ubuntu/spark-2.1.1-bin-hadoop2.7/jars/hadoop-mapreduce-client-common-2.7.3.jar
7f862eca3000-7f862eca5000 r--s 00009000 ca:01 261758                     /home/ubuntu/spark-2.1.1-bin-hadoop2.7/jars/jackson-module-paranamer-2.6.5.jar
7f862eca5000-7f862eca6000 r--s 00009000 ca:01 261845                     /home/ubuntu/spark-2.1.1-bin-hadoop2.7/jars/slf4j-api-1.7.16.jar
7f862eca6000-7f862eca7000 r--s 00004000 ca:01 261710                     /home/ubuntu/spark-2.1.1-bin-hadoop2.7/jars/jackson-jaxrs-1.9.13.jar
7f862eca7000-7f862eca9000 r--s 00012000 ca:01 261803                     /home/ubuntu/spark-2.1.1-bin-hadoop2.7/jars/api-util-1.0.0-M20.jar
7f862eca9000-7f862ecb1000 r--s 00066000 ca:01 261732                     /home/ubuntu/spark-2.1.1-bin-hadoop2.7/jars/apache-log4j-extras-1.2.17.jar
7f862ecb1000-7f862ecb3000 r--s 00004000 ca:01 261587                     /home/ubuntu/spark-2.1.1-bin-hadoop2.7/jars/stax-api-1.0-2.jar
7f862ecb3000-7f862ecc1000 r--s 00078000 ca:01 261756                     /home/ubuntu/spark-2.1.1-bin-hadoop2.7/jars/spark-mesos_2.11-2.1.1.jar
7f862ecc1000-7f862ecef000 r--s 00212000 ca:01 261712                     /home/ubuntu/spark-2.1.1-bin-hadoop2.7/jars/spark-network-common_2.11-2.1.1.jar
7f862ecef000-7f862ecf7000 r--s 0006e000 ca:01 261765                     /home/ubuntu/spark-2.1.1-bin-hadoop2.7/jars/commons-lang3-3.5.jar
7f862ecf7000-7f862ecf8000 r--s 00009000 ca:01 261830                     /home/ubuntu/spark-2.1.1-bin-hadoop2.7/jars/hive-cli-1.2.1.spark2.jar
7f862ecf8000-7f862ed0e000 r--s 001a4000 ca:01 261613                     /home/ubuntu/spark-2.1.1-bin-hadoop2.7/jars/datanucleus-rdbms-3.2.9.jar
7f862ed0e000-7f862ed1f000 r--s 0010d000 ca:01 261714                     /home/ubuntu/spark-2.1.1-bin-hadoop2.7/jars/jackson-databind-2.6.5.jar
7f862ed1f000-7f862ed21000 r--s 0000a000 ca:01 261612                     /home/ubuntu/spark-2.1.1-bin-hadoop2.7/jars/spark-unsafe_2.11-2.1.1.jar
7f862ed21000-7f862ed45000 r--s 001cd000 ca:01 261855                     /home/ubuntu/spark-2.1.1-bin-hadoop2.7/jars/commons-math3-3.4.1.jar
7f862ed45000-7f862ed49000 r--s 0002a000 ca:01 261747                     /home/ubuntu/spark-2.1.1-bin-hadoop2.7/jars/commons-io-2.4.jar
7f862ed49000-7f862ed51000 r--s 00059000 ca:01 261611                     /home/ubuntu/spark-2.1.1-bin-hadoop2.7/jars/javolution-5.5.1.jar
7f862ed51000-7f862ed52000 r--s 00003000 ca:01 261568                     /home/ubuntu/spark-2.1.1-bin-hadoop2.7/jars/jta-1.1.jar
7f862ed52000-7f862ed55000 r--s 00009000 ca:01 261751                     /home/ubuntu/spark-2.1.1-bin-hadoop2.7/jars/jackson-annotations-2.6.5.jar
7f862ed55000-7f862edc9000 r--s 00574000 ca:01 261739                     /home/ubuntu/spark-2.1.1-bin-hadoop2.7/jars/spark-mllib_2.11-2.1.1.jar
7f862edc9000-7f862ede4000 r--s 001d8000 ca:01 261572                     /home/ubuntu/spark-2.1.1-bin-hadoop2.7/jars/jets3t-0.9.3.jar
7f862ede4000-7f862ee6f000 r--s 0069e000 ca:01 261713                     /home/ubuntu/spark-2.1.1-bin-hadoop2.7/jars/spark-catalyst_2.11-2.1.1.jar
7f862ee6f000-7f862ee74000 r--s 0002a000 ca:01 261576                     /home/ubuntu/spark-2.1.1-bin-hadoop2.7/jars/commons-beanutils-1.7.0.jar
7f862ee74000-7f862ee76000 r--s 00006000 ca:01 261588                     /home/ubuntu/spark-2.1.1-bin-hadoop2.7/jars/paranamer-2.3.jar
7f862ee76000-7f862ee7a000 r--s 0002c000 ca:01 261748                     /home/ubuntu/spark-2.1.1-bin-hadoop2.7/jars/avro-ipc-1.7.7.jar
7f862ee7a000-7f862ee7b000 r--s 00003000 ca:01 261594                     /home/ubuntu/spark-2.1.1-bin-hadoop2.7/jars/xmlenc-0.52.jar
7f862ee7b000-7f862ee98000 r--s 001d5000 ca:01 261860                     /home/ubuntu/spark-2.1.1-bin-hadoop2.7/jars/hadoop-yarn-api-2.7.3.jar
7f862ee98000-7f862ee99000 r--s 00004000 ca:01 261716                     /home/ubuntu/spark-2.1.1-bin-hadoop2.7/jars/opencsv-2.3.jar
7f862ee99000-7f862ee9d000 r--s 00014000 ca:01 261856                     /home/ubuntu/spark-2.1.1-bin-hadoop2.7/jars/xz-1.0.jar
7f862ee9d000-7f862eea0000 r--s 000fd000 ca:01 261604                     /home/ubuntu/spark-2.1.1-bin-hadoop2.7/jars/leveldbjni-all-1.8.jar
7f862eea0000-7f862eea6000 r--s 00063000 ca:01 261849                     /home/ubuntu/spark-2.1.1-bin-hadoop2.7/jars/jodd-core-3.5.2.jar
7f862eea6000-7f862eeaa000 r--s 00030000 ca:01 261532                     /home/ubuntu/spark-2.1.1-bin-hadoop2.7/jars/commons-net-2.2.jar
7f862eeaa000-7f862eeae000 r--s 00028000 ca:01 261608                     /home/ubuntu/spark-2.1.1-bin-hadoop2.7/jars/spark-mllib-local_2.11-2.1.1.jar
7f862eeae000-7f862eeb5000 r--s 0007d000 ca:01 261722                     /home/ubuntu/spark-2.1.1-bin-hadoop2.7/jars/jetty-6.1.26.jar
7f862eeb5000-7f862eeb8000 r--s 0002f000 ca:01 261546                     /home/ubuntu/spark-2.1.1-bin-hadoop2.7/jars/RoaringBitmap-0.5.11.jar
7f862eeb8000-7f862eeb9000 r--s 00004000 ca:01 261866                     /home/ubuntu/spark-2.1.1-bin-hadoop2.7/jars/osgi-resource-locator-1.0.1.jar
7f862eeb9000-7f862eeda000 r--s 0019b000 ca:01 261796                     /home/ubuntu/spark-2.1.1-bin-hadoop2.7/jars/spark-hive-thriftserver_2.11-2.1.1.jar
7f862eeda000-7f862eedf000 r--s 00041000 ca:01 261740                     /home/ubuntu/spark-2.1.1-bin-hadoop2.7/jars/commons-lang-2.6.jar
7f862eedf000-7f862eee1000 r--s 00020000 ca:01 261749                     /home/ubuntu/spark-2.1.1-bin-hadoop2.7/jars/hive-beeline-1.2.1.spark2.jar
7f862eee1000-7f862eee8000 r--s 00049000 ca:01 261736                     /home/ubuntu/spark-2.1.1-bin-hadoop2.7/jars/httpcore-4.4.4.jar
7f862eee8000-7f862eeea000 r--s 00014000 ca:01 261717                     /home/ubuntu/spark-2.1.1-bin-hadoop2.7/jars/spire-macros_2.11-0.7.4.jar
7f862eeea000-7f862eeeb000 r--s 00001000 ca:01 261621                     /home/ubuntu/spark-2.1.1-bin-hadoop2.7/jars/pmml-schema-1.2.15.jar
7f862eeeb000-7f862eeef000 r--s 00028000 ca:01 261573                     /home/ubuntu/spark-2.1.1-bin-hadoop2.7/jars/jetty-util-6.1.26.jar
7f862eeef000-7f862eef2000 r--s 00006000 ca:01 261721                     /home/ubuntu/spark-2.1.1-bin-hadoop2.7/jars/jsr305-1.3.9.jar
7f862eef2000-7f862eef9000 r--s 0005d000 ca:01 261793                     /home/ubuntu/spark-2.1.1-bin-hadoop2.7/jars/mx4j-3.0.2.jar
7f862eef9000-7f862eefb000 r--s 0000e000 ca:01 261821                     /home/ubuntu/spark-2.1.1-bin-hadoop2.7/jars/guice-servlet-3.0.jar
7f862eefb000-7f862ef03000 r--s 0007b000 ca:01 261737                     /home/ubuntu/spark-2.1.1-bin-hadoop2.7/jars/protobuf-java-2.5.0.jar
7f862ef03000-7f862ef0c000 r--s 00062000 ca:01 261580                     /home/ubuntu/spark-2.1.1-bin-hadoop2.7/jars/avro-1.7.7.jar
7f862ef0c000-7f862ef0e000 r--s 00003000 ca:01 261733                     /home/ubuntu/spark-2.1.1-bin-hadoop2.7/jars/jcl-over-slf4j-1.7.16.jar
7f862ef0e000-7f862efde000 r--s 00cf0000 ca:01 261540                     /home/ubuntu/spark-2.1.1-bin-hadoop2.7/jars/breeze_2.11-0.12.jar
7f862efde000-7f862efdf000 r--s 00002000 ca:01 261619                     /home/ubuntu/spark-2.1.1-bin-hadoop2.7/jars/slf4j-log4j12-1.7.16.jar
7f862efdf000-7f862efe1000 r--s 00006000 ca:01 261578                     /home/ubuntu/spark-2.1.1-bin-hadoop2.7/jars/spark-sketch_2.11-2.1.1.jar
7f862efe1000-7f862efe6000 r--s 00068000 ca:01 261791                     /home/ubuntu/spark-2.1.1-bin-hadoop2.7/jars/antlr-2.7.7.jar
7f862efe6000-7f862efe8000 r--s 00000000 ca:01 261759                     /home/ubuntu/spark-2.1.1-bin-hadoop2.7/jars/aopalliance-1.0.jar
7f862efe8000-7f862efea000 r--s 00012000 ca:01 261730                     /home/ubuntu/spark-2.1.1-bin-hadoop2.7/jars/compress-lzf-1.0.3.jar
7f862efea000-7f862eff7000 r--s 0009e000 ca:01 261822                     /home/ubuntu/spark-2.1.1-bin-hadoop2.7/jars/spark-graphx_2.11-2.1.1.jar
7f862eff7000-7f862effc000 r--s 00028000 ca:01 261841                     /home/ubuntu/spark-2.1.1-bin-hadoop2.7/jars/avro-mapred-1.7.7-hadoop2.jar
7f862effc000-7f862f012000 r--s 00124000 ca:01 261833                     /home/ubuntu/spark-2.1.1-bin-hadoop2.7/jars/ivy-2.4.0.jar
7f862f012000-7f862f01a000 r--s 00078000 ca:01 261805                     /home/ubuntu/spark-2.1.1-bin-hadoop2.7/jars/mail-1.4.7.jar
7f862f01a000-7f862f01f000 r--s 0004e000 ca:01 261582                     /home/ubuntu/spark-2.1.1-bin-hadoop2.7/jars/datanucleus-api-jdo-3.2.6.jar
7f862f01f000-7f862f0f7000 r--s 00a88000 ca:01 261543                     /home/ubuntu/spark-2.1.1-bin-hadoop2.7/jars/spark-core_2.11-2.1.1.jar
7f862f0f7000-7f862f10f000 r--s 001b6000 ca:01 261569                     /home/ubuntu/spark-2.1.1-bin-hadoop2.7/jars/datanucleus-core-3.2.10.jar
7f862f10f000-7f862f123000 r--s 000ec000 ca:01 261539                     /home/ubuntu/spark-2.1.1-bin-hadoop2.7/jars/parquet-jackson-1.8.1.jar
7f862f123000-7f862f125000 r--s 0000e000 ca:01 261785                     /home/ubuntu/spark-2.1.1-bin-hadoop2.7/jars/hadoop-mapreduce-client-jobclient-2.7.3.jar
7f862f125000-7f862f127000 r--s 0000e000 ca:01 261536                     /home/ubuntu/spark-2.1.1-bin-hadoop2.7/jars/oro-2.0.8.jar
7f862f127000-7f862f129000 r--s 00003000 ca:01 261826                     /home/ubuntu/spark-2.1.1-bin-hadoop2.7/jars/JavaEWAH-0.3.2.jar
7f862f129000-7f862f12b000 r--s 0000f000 ca:01 261757                     /home/ubuntu/spark-2.1.1-bin-hadoop2.7/jars/spark-launcher_2.11-2.1.1.jar
7f862f12b000-7f862f14d000 r--s 00335000 ca:01 261750                     /home/ubuntu/spark-2.1.1-bin-hadoop2.7/jars/mesos-1.0.0-shaded-protobuf.jar
7f862f14d000-7f862f14e000 r--s 00001000 ca:01 261610                     /home/ubuntu/spark-2.1.1-bin-hadoop2.7/jars/minlog-1.3.0.jar
7f862f14e000-7f862f151000 r--s 0001a000 ca:01 261834                     /home/ubuntu/spark-2.1.1-bin-hadoop2.7/jars/py4j-0.10.4.jar
7f862f151000-7f862f152000 r--s 00009000 ca:01 261601                     /home/ubuntu/spark-2.1.1-bin-hadoop2.7/jars/json4s-jackson_2.11-3.2.11.jar
7f862f152000-7f862f154000 r--s 0000d000 ca:01 261725                     /home/ubuntu/spark-2.1.1-bin-hadoop2.7/jars/hadoop-yarn-server-web-proxy-2.7.3.jar
7f862f154000-7f862f1b7000 r--s 004de000 ca:01 261719                     /home/ubuntu/spark-2.1.1-bin-hadoop2.7/jars/hive-metastore-1.2.1.spark2.jar
7f862f1b7000-7f862f1be000 r--s 00039000 ca:01 261727                     /home/ubuntu/spark-2.1.1-bin-hadoop2.7/jars/calcite-avatica-1.2.0-incubating.jar
7f862f1be000-7f862f1c5000 r--s 0003f000 ca:01 261603                     /home/ubuntu/spark-2.1.1-bin-hadoop2.7/jars/commons-codec-1.10.jar
7f862f1c5000-7f862f1c7000 r--s 00100000 ca:01 261842                     /home/ubuntu/spark-2.1.1-bin-hadoop2.7/jars/snappy-java-1.1.2.6.jar
7f862f1c7000-7f862f1cb000 r--s 00029000 ca:01 261591                     /home/ubuntu/spark-2.1.1-bin-hadoop2.7/jars/hk2-locator-2.4.0-b34.jar
7f862f1cb000-7f862f1ce000 r--s 0000d000 ca:01 261742                     /home/ubuntu/spark-2.1.1-bin-hadoop2.7/jars/spark-network-shuffle_2.11-2.1.1.jar
7f862f1ce000-7f862f1cf000 r--s 00006000 ca:01 261788                     /home/ubuntu/spark-2.1.1-bin-hadoop2.7/jars/jackson-xc-1.9.13.jar
7f862f1cf000-7f862f1e5000 r--s 000d1000 ca:01 261585                     /home/ubuntu/spark-2.1.1-bin-hadoop2.7/jars/parquet-column-1.8.1.jar
7f862f1e5000-7f862f20a000 rw-p 00000000 00:00 0 
7f862f20a000-7f862f316000 r--s 00dba000 ca:01 261859                     /home/ubuntu/spark-2.1.1-bin-hadoop2.7/jars/scala-compiler-2.11.8.jar
7f862f316000-7f862f317000 r--s 00002000 ca:01 261764                     /home/ubuntu/spark-2.1.1-bin-hadoop2.7/jars/jpam-1.1.jar
7f862f317000-7f862f326000 r--s 0009f000 ca:01 261734                     /home/ubuntu/spark-2.1.1-bin-hadoop2.7/jars/guice-3.0.jar
7f862f326000-7f862f33f000 r--s 00150000 ca:01 261626                     /home/ubuntu/spark-2.1.1-bin-hadoop2.7/jars/htrace-core-3.1.0-incubating.jar
7f862f33f000-7f862f355000 r--s 000d3000 ca:01 261625                     /home/ubuntu/spark-2.1.1-bin-hadoop2.7/jars/jersey-server-2.22.2.jar
7f862f355000-7f862f357000 r--s 00008000 ca:01 261581                     /home/ubuntu/spark-2.1.1-bin-hadoop2.7/jars/parquet-common-1.8.1.jar
7f862f357000-7f862f359000 r--s 00002000 ca:01 261606                     /home/ubuntu/spark-2.1.1-bin-hadoop2.7/jars/aopalliance-repackaged-2.4.0-b34.jar
7f862f359000-7f862f35d000 r--s 0003c000 ca:01 261854                     /home/ubuntu/spark-2.1.1-bin-hadoop2.7/jars/jackson-core-2.6.5.jar
7f862f35d000-7f862f368000 r--s 00062000 ca:01 261729                     /home/ubuntu/spark-2.1.1-bin-hadoop2.7/jars/calcite-linq4j-1.2.0-incubating.jar
7f862f368000-7f862f39e000 r--s 0031c000 ca:01 261565                     /home/ubuntu/spark-2.1.1-bin-hadoop2.7/jars/hadoop-common-2.7.3.jar
7f862f39e000-7f862f3a2000 r--s 0001a000 ca:01 261579                     /home/ubuntu/spark-2.1.1-bin-hadoop2.7/jars/hk2-utils-2.4.0-b34.jar
7f862f3a2000-7f862f3ae000 r--s 000b6000 ca:01 261831                     /home/ubuntu/spark-2.1.1-bin-hadoop2.7/jars/zookeeper-3.4.6.jar
7f862f3ae000-7f862f3b4000 r--s 00040000 ca:01 261709                     /home/ubuntu/spark-2.1.1-bin-hadoop2.7/jars/parquet-encoding-1.8.1.jar
7f862f3b4000-7f862f3b9000 r--s 00036000 ca:01 261574                     /home/ubuntu/spark-2.1.1-bin-hadoop2.7/jars/commons-compress-1.4.1.jar
7f862f3b9000-7f862f3e6000 r--s 001d4000 ca:01 261863                     /home/ubuntu/spark-2.1.1-bin-hadoop2.7/jars/spark-streaming_2.11-2.1.1.jar
7f862f3e6000-7f862f3e9000 r--s 00022000 ca:01 261806                     /home/ubuntu/spark-2.1.1-bin-hadoop2.7/jars/stringtemplate-3.2.1.jar
7f862f3e9000-7f862f3f0000 r--s 00036000 ca:01 261624                     /home/ubuntu/spark-2.1.1-bin-hadoop2.7/jars/curator-recipes-2.6.0.jar
7f862f3f0000-7f862f3f4000 r--s 00029000 ca:01 261548                     /home/ubuntu/spark-2.1.1-bin-hadoop2.7/jars/breeze-macros_2.11-0.12.jar
7f862f3f4000-7f862f3f8000 r--s 00036000 ca:01 261851                     /home/ubuntu/spark-2.1.1-bin-hadoop2.7/jars/ST4-4.0.4.jar
7f862f3f8000-7f862f3fc000 r--s 00018000 ca:01 261584                     /home/ubuntu/spark-2.1.1-bin-hadoop2.7/jars/metrics-core-3.1.2.jar
7f862f3fc000-7f862f40a000 r--s 000b1000 ca:01 261754                     /home/ubuntu/spark-2.1.1-bin-hadoop2.7/jars/jackson-mapper-asl-1.9.13.jar
7f862f40a000-7f862f41a000 r--s 000a0000 ca:01 261599                     /home/ubuntu/spark-2.1.1-bin-hadoop2.7/jars/spark-yarn_2.11-2.1.1.jar
7f862f41a000-7f862f41b000 r--s 00003000 ca:01 261590                     /home/ubuntu/spark-2.1.1-bin-hadoop2.7/jars/spark-tags_2.11-2.1.1.jar
7f862f41b000-7f862f42d000 r--s 00097000 ca:01 261804                     /home/ubuntu/spark-2.1.1-bin-hadoop2.7/jars/apacheds-kerberos-codec-2.0.0-M15.jar
7f862f42d000-7f862f430000 r--s 00017000 ca:01 261800                     /home/ubuntu/spark-2.1.1-bin-hadoop2.7/jars/jaxb-api-2.2.2.jar
7f862f430000-7f862f432000 r--s 00009000 ca:01 261848                     /home/ubuntu/spark-2.1.1-bin-hadoop2.7/jars/objenesis-2.1.jar
7f862f432000-7f862f49d000 r--s 00784000 ca:01 261535                     /home/ubuntu/spark-2.1.1-bin-hadoop2.7/jars/hadoop-hdfs-2.7.3.jar
7f862f49d000-7f862f49f000 r--s 00010000 ca:01 261752                     /home/ubuntu/spark-2.1.1-bin-hadoop2.7/jars/jersey-media-jaxb-2.22.2.jar
7f862f49f000-7f862f4ac000 r--s 00083000 ca:01 261598                     /home/ubuntu/spark-2.1.1-bin-hadoop2.7/jars/commons-collections-3.2.2.jar
7f862f4ac000-7f862f4b3000 r--s 00051000 ca:01 261542                     /home/ubuntu/spark-2.1.1-bin-hadoop2.7/jars/kryo-shaded-3.0.3.jar
7f862f4b3000-7f862f4ea000 r--s 00325000 ca:01 261802                     /home/ubuntu/spark-2.1.1-bin-hadoop2.7/jars/calcite-core-1.2.0-incubating.jar
7f862f4ea000-7f862f4ed000 r--s 00012000 ca:01 261602                     /home/ubuntu/spark-2.1.1-bin-hadoop2.7/jars/json4s-ast_2.11-3.2.11.jar
7f862f4ed000-7f862f4ef000 r--s 0000e000 ca:01 261794                     /home/ubuntu/spark-2.1.1-bin-hadoop2.7/jars/commons-logging-1.1.3.jar
7f862f4ef000-7f862f598000 r--s 00a4f000 ca:01 261801                     /home/ubuntu/spark-2.1.1-bin-hadoop2.7/jars/hive-exec-1.2.1.spark2.jar
7f862f598000-7f862f599000 r--s 0000b000 ca:01 261631                     /home/ubuntu/spark-2.1.1-bin-hadoop2.7/jars/snappy-0.2.jar
7f862f599000-7f862f59c000 r--s 00028000 ca:01 261541                     /home/ubuntu/spark-2.1.1-bin-hadoop2.7/jars/stream-2.7.0.jar
7f862f59c000-7f862f5d0000 r--s 00277000 ca:01 261592                     /home/ubuntu/spark-2.1.1-bin-hadoop2.7/jars/parquet-hadoop-bundle-1.6.0.jar
7f862f5d0000-7f862f5d4000 r--s 0000c000 ca:01 261617                     /home/ubuntu/spark-2.1.1-bin-hadoop2.7/jars/validation-api-1.1.0.Final.jar
7f862f5d4000-7f862f5fd000 r--s 001ee000 ca:01 261862                     /home/ubuntu/spark-2.1.1-bin-hadoop2.7/jars/guava-14.0.1.jar
7f862f5fd000-7f862f60a000 r--s 00071000 ca:01 261832                     /home/ubuntu/spark-2.1.1-bin-hadoop2.7/jars/jackson-module-scala_2.11-2.6.5.jar
7f862f60a000-7f862f623000 r--s 00114000 ca:01 261577                     /home/ubuntu/spark-2.1.1-bin-hadoop2.7/jars/spark-hive_2.11-2.1.1.jar
7f862f623000-7f862f63b000 r--s 00115000 ca:01 261824                     /home/ubuntu/spark-2.1.1-bin-hadoop2.7/jars/netty-3.8.0.Final.jar
7f862f63b000-7f862f694000 r--s 00522000 ca:01 261865                     /home/ubuntu/spark-2.1.1-bin-hadoop2.7/jars/scala-library-2.11.8.jar
7f862f694000-7f862f69b000 r--s 00049000 ca:01 261852                     /home/ubuntu/spark-2.1.1-bin-hadoop2.7/jars/univocity-parsers-2.2.1.jar
7f862f69b000-7f862f6e7000 r--s 00411000 ca:01 261857                     /home/ubuntu/spark-2.1.1-bin-hadoop2.7/jars/scala-reflect-2.11.8.jar
7f862f6e7000-7f862f6f5000 r--s 0009d000 ca:01 261614                     /home/ubuntu/spark-2.1.1-bin-hadoop2.7/jars/jersey-common-2.22.2.jar
7f862f6f5000-7f862f6ff000 r--s 000aa000 ca:01 261762                     /home/ubuntu/spark-2.1.1-bin-hadoop2.7/jars/janino-3.0.0.jar
7f862f6ff000-7f862f700000 r--s 00008000 ca:01 261844                     /home/ubuntu/spark-2.1.1-bin-hadoop2.7/jars/commons-compiler-3.0.0.jar
7f862f700000-7f862f709000 r--s 00097000 ca:01 261837                     /home/ubuntu/spark-2.1.1-bin-hadoop2.7/jars/pmml-model-1.2.15.jar
7f862f709000-7f862f70b000 r--s 00005000 ca:01 261741                     /home/ubuntu/spark-2.1.1-bin-hadoop2.7/jars/stax-api-1.0.1.jar
7f862f70b000-7f862f70f000 r--s 00035000 ca:01 261597                     /home/ubuntu/spark-2.1.1-bin-hadoop2.7/jars/jackson-core-asl-1.9.13.jar
7f862f70f000-7f862f712000 r--s 00019000 ca:01 261530                     /home/ubuntu/spark-2.1.1-bin-hadoop2.7/jars/bonecp-0.8.0.RELEASE.jar
7f862f712000-7f862f714000 r--s 00038000 ca:01 261789                     /home/ubuntu/spark-2.1.1-bin-hadoop2.7/jars/lz4-1.3.0.jar
7f862f714000-7f862f72d000 r--s 00164000 ca:01 261738                     /home/ubuntu/spark-2.1.1-bin-hadoop2.7/jars/hadoop-mapreduce-client-core-2.7.3.jar
7f862f72d000-7f862f730000 r--s 00026000 ca:01 261792                     /home/ubuntu/spark-2.1.1-bin-hadoop2.7/jars/hadoop-yarn-client-2.7.3.jar
7f862f730000-7f862f732000 r--s 00017000 ca:01 261607                     /home/ubuntu/spark-2.1.1-bin-hadoop2.7/jars/hive-jdbc-1.2.1.spark2.jar
7f862f732000-7f862f7b3000 r--s 005d9000 ca:01 261746                     /home/ubuntu/spark-2.1.1-bin-hadoop2.7/jars/spark-sql_2.11-2.1.1.jar
7f862f7b3000-7f862f7b4000 r--s 00006000 ca:01 261755                     /home/ubuntu/spark-2.1.1-bin-hadoop2.7/jars/hadoop-client-2.7.3.jar
7f862f7b4000-7f862f7bb000 r--s 00058000 ca:01 261609                     /home/ubuntu/spark-2.1.1-bin-hadoop2.7/jars/hadoop-yarn-server-common-2.7.3.jar
7f862f7bb000-7f862f7bc000 r--s 0000a000 ca:01 261616                     /home/ubuntu/spark-2.1.1-bin-hadoop2.7/jars/apacheds-i18n-2.0.0-M15.jar
7f862f7bc000-7f862f7bd000 r--s 00000000 ca:01 261600                     /home/ubuntu/spark-2.1.1-bin-hadoop2.7/jars/javax.inject-1.jar
7f862f7bd000-7f862f7c3000 r--s 00045000 ca:01 261605                     /home/ubuntu/spark-2.1.1-bin-hadoop2.7/jars/commons-httpclient-3.1.jar
7f862f7c3000-7f862f7d0000 r--s 000a7000 ca:01 261627                     /home/ubuntu/spark-2.1.1-bin-hadoop2.7/jars/httpclient-4.5.2.jar
7f862f7d0000-7f862f7d2000 r--s 0001f000 ca:01 261825                     /home/ubuntu/spark-2.1.1-bin-hadoop2.7/jars/commons-crypto-1.0.0.jar
7f862f7d2000-7f862f7d7000 r--s 0002a000 ca:01 261735                     /home/ubuntu/spark-2.1.1-bin-hadoop2.7/jars/gson-2.2.4.jar
7f862f7d7000-7f862f817000 r--s 00277000 ca:01 261767                     /home/ubuntu/spark-2.1.1-bin-hadoop2.7/jars/bcprov-jdk15on-1.51.jar
7f862f817000-7f862f81a000 r--s 00016000 ca:01 261593                     /home/ubuntu/spark-2.1.1-bin-hadoop2.7/jars/jsp-api-2.1.jar
7f862f81a000-7f862f81b000 r--s 00001000 ca:01 261838                     /home/ubuntu/spark-2.1.1-bin-hadoop2.7/jars/javax.inject-2.4.0-b34.jar
7f862f81b000-7f862f81d000 r--s 00015000 ca:01 261547                     /home/ubuntu/spark-2.1.1-bin-hadoop2.7/jars/hadoop-auth-2.7.3.jar
7f862f81d000-7f862f821000 r--s 0002f000 ca:01 261795                     /home/ubuntu/spark-2.1.1-bin-hadoop2.7/jars/commons-beanutils-core-1.8.0.jar
7f862f821000-7f862f850000 r--s 002e5000 ca:01 261846                     /home/ubuntu/spark-2.1.1-bin-hadoop2.7/jars/derby-10.12.1.1.jar
7f862f850000-7f862f852000 r--s 00008000 ca:01 261544                     /home/ubuntu/spark-2.1.1-bin-hadoop2.7/jars/metrics-jvm-3.1.2.jar
7f862f852000-7f862f855000 r--s 00015000 ca:01 261723                     /home/ubuntu/spark-2.1.1-bin-hadoop2.7/jars/pyrolite-4.13.jar
7f862f855000-7f862f85e000 r--s 0006f000 ca:01 261724                     /home/ubuntu/spark-2.1.1-bin-hadoop2.7/jars/log4j-1.2.17.jar
7f862f85e000-7f862f862000 r--s 00025000 ca:01 261850                     /home/ubuntu/spark-2.1.1-bin-hadoop2.7/jars/jersey-client-2.22.2.jar
7f862f862000-7f862f863000 ---p 00000000 00:00 0 
7f862f863000-7f862f963000 rw-p 00000000 00:00 0 
7f862f963000-7f862f966000 ---p 00000000 00:00 0 
7f862f966000-7f862fa64000 rw-p 00000000 00:00 0 
7f862fa64000-7f862fa67000 ---p 00000000 00:00 0 
7f862fa67000-7f862fb65000 rw-p 00000000 00:00 0 
7f862fb65000-7f862fb68000 ---p 00000000 00:00 0 
7f862fb68000-7f862fc66000 rw-p 00000000 00:00 0 
7f862fc66000-7f862fc69000 ---p 00000000 00:00 0 
7f862fc69000-7f862fd67000 rw-p 00000000 00:00 0 
7f862fd67000-7f862feff000 r--p 00000000 ca:01 29052                      /usr/lib/locale/locale-archive
7f862feff000-7f862ff02000 ---p 00000000 00:00 0 
7f862ff02000-7f8630000000 rw-p 00000000 00:00 0 
7f8630000000-7f8630807000 rw-p 00000000 00:00 0 
7f8630807000-7f8634000000 ---p 00000000 00:00 0 
7f8634000000-7f8634002000 r--s 0000e000 ca:01 261760                     /home/ubuntu/spark-2.1.1-bin-hadoop2.7/jars/spark-repl_2.11-2.1.1.jar
7f8634002000-7f8634009000 r--s 00058000 ca:01 261589                     /home/ubuntu/spark-2.1.1-bin-hadoop2.7/jars/parquet-format-2.3.0-incubating.jar
7f8634009000-7f863400b000 r--s 00003000 ca:01 261615                     /home/ubuntu/spark-2.1.1-bin-hadoop2.7/jars/api-asn1-api-1.0.0-M20.jar
7f863400b000-7f8634015000 r--s 0007b000 ca:01 261847                     /home/ubuntu/spark-2.1.1-bin-hadoop2.7/jars/hadoop-mapreduce-client-app-2.7.3.jar
7f8634015000-7f8634018000 r--s 0000e000 ca:01 261575                     /home/ubuntu/spark-2.1.1-bin-hadoop2.7/jars/jersey-container-servlet-core-2.22.2.jar
7f8634018000-7f863401c000 r--s 00025000 ca:01 261538                     /home/ubuntu/spark-2.1.1-bin-hadoop2.7/jars/antlr-runtime-3.4.jar
7f863401c000-7f863402d000 r--s 00089000 ca:01 261623                     /home/ubuntu/spark-2.1.1-bin-hadoop2.7/jars/joda-time-2.9.3.jar
7f863402d000-7f863402f000 r--s 00005000 ca:01 261743                     /home/ubuntu/spark-2.1.1-bin-hadoop2.7/jars/javax.annotation-api-1.2.jar
7f863402f000-7f8634034000 r--s 00032000 ca:01 261864                     /home/ubuntu/spark-2.1.1-bin-hadoop2.7/jars/chill_2.11-0.8.0.jar
7f8634034000-7f863403f000 r--s 0005d000 ca:01 261853                     /home/ubuntu/spark-2.1.1-bin-hadoop2.7/jars/scala-parser-combinators_2.11-1.0.4.jar
7f863403f000-7f8634051000 r--s 00112000 ca:01 261835                     /home/ubuntu/spark-2.1.1-bin-hadoop2.7/jars/arpack_combined_all-0.1.jar
7f8634051000-7f8634069000 r--s 000d6000 ca:01 261571                     /home/ubuntu/spark-2.1.1-bin-hadoop2.7/jars/jersey-guava-2.22.2.jar
7f8634069000-7f863406f000 r--s 0002c000 ca:01 261828                     /home/ubuntu/spark-2.1.1-bin-hadoop2.7/jars/jdo-api-3.0.1.jar
7f863406f000-7f8634076000 r--s 00046000 ca:01 261797                     /home/ubuntu/spark-2.1.1-bin-hadoop2.7/jars/libfb303-0.9.3.jar
7f8634076000-7f8634078000 r--s 00010000 ca:01 261622                     /home/ubuntu/spark-2.1.1-bin-hadoop2.7/jars/hadoop-mapreduce-client-shuffle-2.7.3.jar
7f8634078000-7f863407a000 r--s 00000000 ca:01 261836                     /home/ubuntu/spark-2.1.1-bin-hadoop2.7/jars/jul-to-slf4j-1.7.16.jar
7f863407a000-7f863407d000 r--s 00014000 ca:01 261761                     /home/ubuntu/spark-2.1.1-bin-hadoop2.7/jars/super-csv-2.2.0.jar
7f863407d000-7f863408f000 r--s 000b3000 ca:01 261829                     /home/ubuntu/spark-2.1.1-bin-hadoop2.7/jars/scalap-2.11.8.jar
7f863408f000-7f8634099000 r--s 000a5000 ca:01 261766                     /home/ubuntu/spark-2.1.1-bin-hadoop2.7/jars/javassist-3.18.1-GA.jar
7f8634099000-7f86340b1000 r--s 00115000 ca:01 261537                     /home/ubuntu/spark-2.1.1-bin-hadoop2.7/jars/xercesImpl-2.9.1.jar
7f86340b1000-7f86340d8000 r--s 0020f000 ca:01 261726                     /home/ubuntu/spark-2.1.1-bin-hadoop2.7/jars/netty-all-4.0.42.Final.jar
7f86340d8000-7f86340db000 ---p 00000000 00:00 0 
7f86340db000-7f86341d9000 rw-p 00000000 00:00 0 
7f86341d9000-7f86341da000 ---p 00000000 00:00 0 
7f86341da000-7f86342da000 rw-p 00000000 00:00 0 
7f86342da000-7f86344a9000 r--s 03c32000 ca:01 256863                     /usr/lib/jvm/java-8-openjdk-amd64/jre/lib/rt.jar
7f86344a9000-7f8634ca9000 rw-p 00000000 00:00 0 
7f8634ca9000-7f8634d23000 rw-p 00000000 00:00 0 
7f8634d23000-7f8634dff000 ---p 00000000 00:00 0 
7f8634dff000-7f8634e3b000 rw-p 00000000 00:00 0 
7f8634e3b000-7f8634ea9000 ---p 00000000 00:00 0 
7f8634ea9000-7f8634f23000 rw-p 00000000 00:00 0 
7f8634f23000-7f8634fff000 ---p 00000000 00:00 0 
7f8634fff000-7f8635000000 rw-p 00000000 00:00 0 
7f8635000000-7f8636df0000 rwxp 00000000 00:00 0 
7f8636df0000-7f8644000000 ---p 00000000 00:00 0 
7f8644000000-7f8644d92000 rw-p 00000000 00:00 0 
7f8644d92000-7f8648000000 ---p 00000000 00:00 0 
7f8648000000-7f8648001000 r--s 00002000 ca:01 261586                     /home/ubuntu/spark-2.1.1-bin-hadoop2.7/jars/java-xmlbuilder-1.0.jar
7f8648001000-7f8648003000 r--s 00003000 ca:01 261843                     /home/ubuntu/spark-2.1.1-bin-hadoop2.7/jars/base64-2.3.8.jar
7f8648003000-7f8648005000 r--s 00003000 ca:01 261570                     /home/ubuntu/spark-2.1.1-bin-hadoop2.7/jars/jersey-container-servlet-2.22.2.jar
7f8648005000-7f8648006000 r--s 00009000 ca:01 261534                     /home/ubuntu/spark-2.1.1-bin-hadoop2.7/jars/hadoop-annotations-2.7.3.jar
7f8648006000-7f8648009000 r--s 00021000 ca:01 261596                     /home/ubuntu/spark-2.1.1-bin-hadoop2.7/jars/xbean-asm5-shaded-4.4.jar
7f8648009000-7f864800c000 r--s 00025000 ca:01 261618                     /home/ubuntu/spark-2.1.1-bin-hadoop2.7/jars/commons-dbcp-1.4.jar
7f864800c000-7f864800f000 r--s 00015000 ca:01 261620                     /home/ubuntu/spark-2.1.1-bin-hadoop2.7/jars/commons-pool-1.5.4.jar
7f864800f000-7f8648064000 r--s 0069c000 ca:01 261595                     /home/ubuntu/spark-2.1.1-bin-hadoop2.7/jars/spire_2.11-0.7.4.jar
7f8648064000-7f8648066000 r--s 00004000 ca:01 261787                     /home/ubuntu/spark-2.1.1-bin-hadoop2.7/jars/metrics-graphite-3.1.2.jar
7f8648066000-7f8648067000 r--s 00003000 ca:01 261827                     /home/ubuntu/spark-2.1.1-bin-hadoop2.7/jars/metrics-json-3.1.2.jar
7f8648067000-7f864806c000 r--s 00027000 ca:01 261861                     /home/ubuntu/spark-2.1.1-bin-hadoop2.7/jars/hk2-api-2.4.0-b34.jar
7f864806c000-7f8648072000 r--s 00034000 ca:01 261799                     /home/ubuntu/spark-2.1.1-bin-hadoop2.7/jars/libthrift-0.9.3.jar
7f8648072000-7f864808d000 r--s 001d6000 ca:01 256870                     /usr/lib/jvm/java-8-openjdk-amd64/jre/lib/ext/nashorn.jar
7f864808d000-7f86480a8000 r--s 00394000 ca:01 256871                     /usr/lib/jvm/java-8-openjdk-amd64/jre/lib/ext/cldrdata.jar
7f86480a8000-7f8648196000 rw-p 00000000 00:00 0 
7f8648196000-7f86484de000 ---p 00000000 00:00 0 
7f86484de000-7f86484e6000 r-xp 00000000 ca:01 256902                     /usr/lib/jvm/java-8-openjdk-amd64/jre/lib/amd64/libzip.so
7f86484e6000-7f86486e5000 ---p 00008000 ca:01 256902                     /usr/lib/jvm/java-8-openjdk-amd64/jre/lib/amd64/libzip.so
7f86486e5000-7f86486e6000 r--p 00007000 ca:01 256902                     /usr/lib/jvm/java-8-openjdk-amd64/jre/lib/amd64/libzip.so
7f86486e6000-7f86486e7000 rw-p 00008000 ca:01 256902                     /usr/lib/jvm/java-8-openjdk-amd64/jre/lib/amd64/libzip.so
7f86486e7000-7f86486f2000 r-xp 00000000 ca:01 1993                       /lib/x86_64-linux-gnu/libnss_files-2.23.so
7f86486f2000-7f86488f1000 ---p 0000b000 ca:01 1993                       /lib/x86_64-linux-gnu/libnss_files-2.23.so
7f86488f1000-7f86488f2000 r--p 0000a000 ca:01 1993                       /lib/x86_64-linux-gnu/libnss_files-2.23.so
7f86488f2000-7f86488f3000 rw-p 0000b000 ca:01 1993                       /lib/x86_64-linux-gnu/libnss_files-2.23.so
7f86488f3000-7f86488f9000 rw-p 00000000 00:00 0 
7f86488f9000-7f8648904000 r-xp 00000000 ca:01 1997                       /lib/x86_64-linux-gnu/libnss_nis-2.23.so
7f8648904000-7f8648b03000 ---p 0000b000 ca:01 1997                       /lib/x86_64-linux-gnu/libnss_nis-2.23.so
7f8648b03000-7f8648b04000 r--p 0000a000 ca:01 1997                       /lib/x86_64-linux-gnu/libnss_nis-2.23.so
7f8648b04000-7f8648b05000 rw-p 0000b000 ca:01 1997                       /lib/x86_64-linux-gnu/libnss_nis-2.23.so
7f8648b05000-7f8648b1b000 r-xp 00000000 ca:01 1977                       /lib/x86_64-linux-gnu/libnsl-2.23.so
7f8648b1b000-7f8648d1a000 ---p 00016000 ca:01 1977                       /lib/x86_64-linux-gnu/libnsl-2.23.so
7f8648d1a000-7f8648d1b000 r--p 00015000 ca:01 1977                       /lib/x86_64-linux-gnu/libnsl-2.23.so
7f8648d1b000-7f8648d1c000 rw-p 00016000 ca:01 1977                       /lib/x86_64-linux-gnu/libnsl-2.23.so
7f8648d1c000-7f8648d1e000 rw-p 00000000 00:00 0 
7f8648d1e000-7f8648d26000 r-xp 00000000 ca:01 1988                       /lib/x86_64-linux-gnu/libnss_compat-2.23.so
7f8648d26000-7f8648f25000 ---p 00008000 ca:01 1988                       /lib/x86_64-linux-gnu/libnss_compat-2.23.so
7f8648f25000-7f8648f26000 r--p 00007000 ca:01 1988                       /lib/x86_64-linux-gnu/libnss_compat-2.23.so
7f8648f26000-7f8648f27000 rw-p 00008000 ca:01 1988                       /lib/x86_64-linux-gnu/libnss_compat-2.23.so
7f8648f27000-7f8648f54000 r-xp 00000000 ca:01 256919                     /usr/lib/jvm/java-8-openjdk-amd64/jre/lib/amd64/libjava.so
7f8648f54000-7f8649153000 ---p 0002d000 ca:01 256919                     /usr/lib/jvm/java-8-openjdk-amd64/jre/lib/amd64/libjava.so
7f8649153000-7f8649154000 r--p 0002c000 ca:01 256919                     /usr/lib/jvm/java-8-openjdk-amd64/jre/lib/amd64/libjava.so
7f8649154000-7f8649156000 rw-p 0002d000 ca:01 256919                     /usr/lib/jvm/java-8-openjdk-amd64/jre/lib/amd64/libjava.so
7f8649156000-7f8649165000 r-xp 00000000 ca:01 256907                     /usr/lib/jvm/java-8-openjdk-amd64/jre/lib/amd64/libverify.so
7f8649165000-7f8649364000 ---p 0000f000 ca:01 256907                     /usr/lib/jvm/java-8-openjdk-amd64/jre/lib/amd64/libverify.so
7f8649364000-7f8649366000 r--p 0000e000 ca:01 256907                     /usr/lib/jvm/java-8-openjdk-amd64/jre/lib/amd64/libverify.so
7f8649366000-7f8649367000 rw-p 00010000 ca:01 256907                     /usr/lib/jvm/java-8-openjdk-amd64/jre/lib/amd64/libverify.so
7f8649367000-7f864936e000 r-xp 00000000 ca:01 1998                       /lib/x86_64-linux-gnu/librt-2.23.so
7f864936e000-7f864956d000 ---p 00007000 ca:01 1998                       /lib/x86_64-linux-gnu/librt-2.23.so
7f864956d000-7f864956e000 r--p 00006000 ca:01 1998                       /lib/x86_64-linux-gnu/librt-2.23.so
7f864956e000-7f864956f000 rw-p 00007000 ca:01 1998                       /lib/x86_64-linux-gnu/librt-2.23.so
7f864956f000-7f8649585000 r-xp 00000000 ca:01 1975                       /lib/x86_64-linux-gnu/libgcc_s.so.1
7f8649585000-7f8649784000 ---p 00016000 ca:01 1975                       /lib/x86_64-linux-gnu/libgcc_s.so.1
7f8649784000-7f8649785000 rw-p 00015000 ca:01 1975                       /lib/x86_64-linux-gnu/libgcc_s.so.1
7f8649785000-7f864988d000 r-xp 00000000 ca:01 1976                       /lib/x86_64-linux-gnu/libm-2.23.so
7f864988d000-7f8649a8c000 ---p 00108000 ca:01 1976                       /lib/x86_64-linux-gnu/libm-2.23.so
7f8649a8c000-7f8649a8d000 r--p 00107000 ca:01 1976                       /lib/x86_64-linux-gnu/libm-2.23.so
7f8649a8d000-7f8649a8e000 rw-p 00108000 ca:01 1976                       /lib/x86_64-linux-gnu/libm-2.23.so
7f8649a8e000-7f8649c00000 r-xp 00000000 ca:01 7979                       /usr/lib/x86_64-linux-gnu/libstdc++.so.6.0.21
7f8649c00000-7f8649e00000 ---p 00172000 ca:01 7979                       /usr/lib/x86_64-linux-gnu/libstdc++.so.6.0.21
7f8649e00000-7f8649e0a000 r--p 00172000 ca:01 7979                       /usr/lib/x86_64-linux-gnu/libstdc++.so.6.0.21
7f8649e0a000-7f8649e0c000 rw-p 0017c000 ca:01 7979                       /usr/lib/x86_64-linux-gnu/libstdc++.so.6.0.21
7f8649e0c000-7f8649e10000 rw-p 00000000 00:00 0 
7f8649e10000-7f864aa6d000 r-xp 00000000 ca:01 256884                     /usr/lib/jvm/java-8-openjdk-amd64/jre/lib/amd64/server/libjvm.so
7f864aa6d000-7f864ac6d000 ---p 00c5d000 ca:01 256884                     /usr/lib/jvm/java-8-openjdk-amd64/jre/lib/amd64/server/libjvm.so
7f864ac6d000-7f864ad01000 r--p 00c5d000 ca:01 256884                     /usr/lib/jvm/java-8-openjdk-amd64/jre/lib/amd64/server/libjvm.so
7f864ad01000-7f864ad2a000 rw-p 00cf1000 ca:01 256884                     /usr/lib/jvm/java-8-openjdk-amd64/jre/lib/amd64/server/libjvm.so
7f864ad2a000-7f864ad5a000 rw-p 00000000 00:00 0 
7f864ad5a000-7f864ad72000 r-xp 00000000 ca:01 1979                       /lib/x86_64-linux-gnu/libpthread-2.23.so
7f864ad72000-7f864af71000 ---p 00018000 ca:01 1979                       /lib/x86_64-linux-gnu/libpthread-2.23.so
7f864af71000-7f864af72000 r--p 00017000 ca:01 1979                       /lib/x86_64-linux-gnu/libpthread-2.23.so
7f864af72000-7f864af73000 rw-p 00018000 ca:01 1979                       /lib/x86_64-linux-gnu/libpthread-2.23.so
7f864af73000-7f864af77000 rw-p 00000000 00:00 0 
7f864af77000-7f864af7a000 r-xp 00000000 ca:01 1982                       /lib/x86_64-linux-gnu/libdl-2.23.so
7f864af7a000-7f864b179000 ---p 00003000 ca:01 1982                       /lib/x86_64-linux-gnu/libdl-2.23.so
7f864b179000-7f864b17a000 r--p 00002000 ca:01 1982                       /lib/x86_64-linux-gnu/libdl-2.23.so
7f864b17a000-7f864b17b000 rw-p 00003000 ca:01 1982                       /lib/x86_64-linux-gnu/libdl-2.23.so
7f864b17b000-7f864b194000 r-xp 00000000 ca:01 2129                       /lib/x86_64-linux-gnu/libz.so.1.2.8
7f864b194000-7f864b393000 ---p 00019000 ca:01 2129                       /lib/x86_64-linux-gnu/libz.so.1.2.8
7f864b393000-7f864b394000 r--p 00018000 ca:01 2129                       /lib/x86_64-linux-gnu/libz.so.1.2.8
7f864b394000-7f864b395000 rw-p 00019000 ca:01 2129                       /lib/x86_64-linux-gnu/libz.so.1.2.8
7f864b395000-7f864b555000 r-xp 00000000 ca:01 1980                       /lib/x86_64-linux-gnu/libc-2.23.so
7f864b555000-7f864b755000 ---p 001c0000 ca:01 1980                       /lib/x86_64-linux-gnu/libc-2.23.so
7f864b755000-7f864b759000 r--p 001c0000 ca:01 1980                       /lib/x86_64-linux-gnu/libc-2.23.so
7f864b759000-7f864b75b000 rw-p 001c4000 ca:01 1980                       /lib/x86_64-linux-gnu/libc-2.23.so
7f864b75b000-7f864b75f000 rw-p 00000000 00:00 0 
7f864b75f000-7f864b76c000 r-xp 00000000 ca:01 256904                     /usr/lib/jvm/java-8-openjdk-amd64/jre/lib/amd64/jli/libjli.so
7f864b76c000-7f864b96c000 ---p 0000d000 ca:01 256904                     /usr/lib/jvm/java-8-openjdk-amd64/jre/lib/amd64/jli/libjli.so
7f864b96c000-7f864b96d000 r--p 0000d000 ca:01 256904                     /usr/lib/jvm/java-8-openjdk-amd64/jre/lib/amd64/jli/libjli.so
7f864b96d000-7f864b96e000 rw-p 0000e000 ca:01 256904                     /usr/lib/jvm/java-8-openjdk-amd64/jre/lib/amd64/jli/libjli.so
7f864b96e000-7f864b994000 r-xp 00000000 ca:01 1978                       /lib/x86_64-linux-gnu/ld-2.23.so
7f864b994000-7f864b996000 r--s 0000f000 ca:01 261715                     /home/ubuntu/spark-2.1.1-bin-hadoop2.7/jars/curator-client-2.6.0.jar
7f864b996000-7f864b999000 r--s 0000f000 ca:01 256869                     /usr/lib/jvm/java-8-openjdk-amd64/jre/lib/ext/icedtea-sound.jar
7f864b999000-7f864b99c000 r--s 00038000 ca:01 256872                     /usr/lib/jvm/java-8-openjdk-amd64/jre/lib/ext/sunpkcs11.jar
7f864b99c000-7f864b9a2000 r--s 0003b000 ca:01 256877                     /usr/lib/jvm/java-8-openjdk-amd64/jre/lib/ext/sunjce_provider.jar
7f864b9a2000-7f864b9ac000 r--s 00116000 ca:01 256876                     /usr/lib/jvm/java-8-openjdk-amd64/jre/lib/ext/localedata.jar
7f864b9ac000-7f864ba7d000 rw-p 00000000 00:00 0 
7f864ba7d000-7f864ba85000 rw-s 00000000 ca:01 292817                     /tmp/hsperfdata_ubuntu/29710
7f864ba85000-7f864ba88000 ---p 00000000 00:00 0 
7f864ba88000-7f864bb8a000 rw-p 00000000 00:00 0 
7f864bb8a000-7f864bb8b000 r--s 00010000 ca:01 256874                     /usr/lib/jvm/java-8-openjdk-amd64/jre/lib/ext/zipfs.jar
7f864bb8b000-7f864bb8c000 r--s 0000a000 ca:01 256879                     /usr/lib/jvm/java-8-openjdk-amd64/jre/lib/ext/jaccess.jar
7f864bb8c000-7f864bb8e000 r--s 00001000 ca:01 256873                     /usr/lib/jvm/java-8-openjdk-amd64/jre/lib/ext/dnsns.jar
7f864bb8e000-7f864bb90000 r--s 00008000 ca:01 256878                     /usr/lib/jvm/java-8-openjdk-amd64/jre/lib/ext/sunec.jar
7f864bb90000-7f864bb91000 rw-p 00000000 00:00 0 
7f864bb91000-7f864bb92000 ---p 00000000 00:00 0 
7f864bb92000-7f864bb93000 rw-p 00000000 00:00 0 
7f864bb93000-7f864bb94000 r--p 00025000 ca:01 1978                       /lib/x86_64-linux-gnu/ld-2.23.so
7f864bb94000-7f864bb95000 rw-p 00026000 ca:01 1978                       /lib/x86_64-linux-gnu/ld-2.23.so
7f864bb95000-7f864bb96000 rw-p 00000000 00:00 0 
7ffe7f54e000-7ffe7f56f000 rw-p 00000000 00:00 0                          [stack]
7ffe7f5b3000-7ffe7f5b6000 r--p 00000000 00:00 0                          [vvar]
7ffe7f5b6000-7ffe7f5b8000 r-xp 00000000 00:00 0                          [vdso]
ffffffffff600000-ffffffffff601000 r-xp 00000000 00:00 0                  [vsyscall]

VM Arguments:
jvm_args: -Xmx1g 
java_command: org.apache.spark.deploy.SparkSubmit --conf spark.app.name=sharingBikeDatamining pyspark-shell
java_class_path (initial): /home/ubuntu/spark-2.1.1-bin-hadoop2.7/conf/:/home/ubuntu/spark-2.1.1-bin-hadoop2.7/jars/libthrift-0.9.3.jar:/home/ubuntu/spark-2.1.1-bin-hadoop2.7/jars/curator-client-2.6.0.jar:/home/ubuntu/spark-2.1.1-bin-hadoop2.7/jars/hk2-api-2.4.0-b34.jar:/home/ubuntu/spark-2.1.1-bin-hadoop2.7/jars/metrics-json-3.1.2.jar:/home/ubuntu/spark-2.1.1-bin-hadoop2.7/jars/metrics-graphite-3.1.2.jar:/home/ubuntu/spark-2.1.1-bin-hadoop2.7/jars/spire_2.11-0.7.4.jar:/home/ubuntu/spark-2.1.1-bin-hadoop2.7/jars/commons-pool-1.5.4.jar:/home/ubuntu/spark-2.1.1-bin-hadoop2.7/jars/netty-all-4.0.42.Final.jar:/home/ubuntu/spark-2.1.1-bin-hadoop2.7/jars/commons-dbcp-1.4.jar:/home/ubuntu/spark-2.1.1-bin-hadoop2.7/jars/xbean-asm5-shaded-4.4.jar:/home/ubuntu/spark-2.1.1-bin-hadoop2.7/jars/xercesImpl-2.9.1.jar:/home/ubuntu/spark-2.1.1-bin-hadoop2.7/jars/hadoop-annotations-2.7.3.jar:/home/ubuntu/spark-2.1.1-bin-hadoop2.7/jars/javassist-3.18.1-GA.jar:/home/ubuntu/spark-2.1.1-bin-hadoop2.7/jars/jersey-container-servlet-2.22.2.jar:/home/ubuntu/spark-2.1.1-bin-hadoop2.7/jars/base64-2.3.8.jar:/home/ubuntu/spark-2.1.1-bin-hadoop2.7/jars/scalap-2.11.8.jar:/home/ubuntu/spark-2.1.1-bin-hadoop2.7/jars/super-csv-2.2.0.jar:/home/ubuntu/spark-2.1.1-bin-hadoop2.7/jars/jul-to-slf4j-1.7.16.jar:/home/ubuntu/spark-2.1.1-bin-hadoop2.7/jars/hadoop-mapreduce-client-shuffle-2.7.3.jar:/home/ubuntu/spark-2.1.1-bin-hadoop2.7/jars/libfb303-0.9.3.jar:/home/ubuntu/spark-2.1.1-bin-hadoop2.7/jars/jdo-api-3.0.1.jar:/home/ubuntu/spark-2.1.1-bin-hadoop2.7/jars/jersey-guava-2.22.2.jar:/home/ubuntu/spark-2.1.1-bin-hadoop2.7/jars/arpack_combined_all-0.1.jar:/home/ubuntu/spark-2.1.1-bin-hadoop2.7/jars/scala-parser-combinators_2.11-1.0.4.jar:/home/ubuntu/spark-2.1.1-bin-hadoop2.7/jars/chill_2.11-0.8.0.jar:/home/ubuntu/spark-2.1.1-bin-hadoop2.7/jars/javax.annotation-api-1.2.jar:/home/ubuntu/spark-2.1.1-bin-hadoop2.7/jars/joda-time-2.9.3.jar:/home/ubuntu/spark-2.1.1-bin-hadoop2.7/jars/antlr-runtime-3.4.jar:/home/u
Launcher Type: SUN_STANDARD

Environment Variables:
PATH=/home/ubuntu/.local/bin:/home/ubuntu/bin:/home/ubuntu/.local/bin:/usr/local/sbin:/usr/local/bin:/usr/sbin:/usr/bin:/sbin:/bin:/usr/games:/usr/local/games:/snap/bin
SHELL=/bin/bash

Signal Handlers:
SIGSEGV: [libjvm.so+0xa71a30], sa_mask[0]=11111111011111111101111111111110, sa_flags=SA_RESTART|SA_SIGINFO
SIGBUS: [libjvm.so+0xa71a30], sa_mask[0]=11111111011111111101111111111110, sa_flags=SA_RESTART|SA_SIGINFO
SIGFPE: [libjvm.so+0x8b8f40], sa_mask[0]=11111111011111111101111111111110, sa_flags=SA_RESTART|SA_SIGINFO
SIGPIPE: [libjvm.so+0x8b8f40], sa_mask[0]=11111111011111111101111111111110, sa_flags=SA_RESTART|SA_SIGINFO
SIGXFSZ: [libjvm.so+0x8b8f40], sa_mask[0]=11111111011111111101111111111110, sa_flags=SA_RESTART|SA_SIGINFO
SIGILL: [libjvm.so+0x8b8f40], sa_mask[0]=11111111011111111101111111111110, sa_flags=SA_RESTART|SA_SIGINFO
SIGUSR1: SIG_DFL, sa_mask[0]=00000000000000000000000000000000, sa_flags=none
SIGUSR2: [libjvm.so+0x8b8df0], sa_mask[0]=00000000000000000000000000000000, sa_flags=SA_RESTART|SA_SIGINFO
SIGHUP: [libjvm.so+0x8b92c0], sa_mask[0]=11111111011111111101111111111110, sa_flags=SA_RESTART|SA_SIGINFO
SIGINT: SIG_IGN, sa_mask[0]=00000000000000000000000000000000, sa_flags=none
SIGTERM: [libjvm.so+0x8b92c0], sa_mask[0]=11111111011111111101111111111110, sa_flags=SA_RESTART|SA_SIGINFO
SIGQUIT: [libjvm.so+0x8b92c0], sa_mask[0]=11111111011111111101111111111110, sa_flags=SA_RESTART|SA_SIGINFO


---------------  S Y S T E M  ---------------

OS:DISTRIB_ID=Ubuntu
DISTRIB_RELEASE=16.04
DISTRIB_CODENAME=xenial
DISTRIB_DESCRIPTION="Ubuntu 16.04.4 LTS"

uname:Linux 4.4.0-1065-aws #75-Ubuntu SMP Fri Aug 10 11:14:32 UTC 2018 x86_64
libc:glibc 2.23 NPTL 2.23 
rlimit: STACK 8192k, CORE 0k, NPROC 3900, NOFILE 1048576, AS infinity
load average:3.43 1.07 0.41

/proc/meminfo:
MemTotal:        1014500 kB
MemFree:           54964 kB
MemAvailable:          0 kB
Buffers:             108 kB
Cached:            14256 kB
SwapCached:            0 kB
Active:           883392 kB
Inactive:          11012 kB
Active(anon):     882872 kB
Inactive(anon):    10328 kB
Active(file):        520 kB
Inactive(file):      684 kB
Unevictable:        3652 kB
Mlocked:            3652 kB
SwapTotal:             0 kB
SwapFree:              0 kB
Dirty:               104 kB
Writeback:             0 kB
AnonPages:        883736 kB
Mapped:             3468 kB
Shmem:             10692 kB
Slab:              38140 kB
SReclaimable:      20944 kB
SUnreclaim:        17196 kB
KernelStack:        3616 kB
PageTables:         5852 kB
NFS_Unstable:          0 kB
Bounce:                0 kB
WritebackTmp:          0 kB
CommitLimit:      507248 kB
Committed_AS:    1328752 kB
VmallocTotal:   34359738367 kB
VmallocUsed:           0 kB
VmallocChunk:          0 kB
HardwareCorrupted:     0 kB
AnonHugePages:    194560 kB
CmaTotal:              0 kB
CmaFree:               0 kB
HugePages_Total:       0
HugePages_Free:        0
HugePages_Rsvd:        0
HugePages_Surp:        0
Hugepagesize:       2048 kB
DirectMap4k:       49152 kB
DirectMap2M:      999424 kB


CPU:total 1 (initial active 1) (1 cores per cpu, 1 threads per core) family 6 model 63 stepping 2, cmov, cx8, fxsr, mmx, sse, sse2, sse3, ssse3, sse4.1, sse4.2, popcnt, avx, avx2, aes, clmul, erms, lzcnt, tsc, bmi1, bmi2

/proc/cpuinfo:
processor	: 0
vendor_id	: GenuineIntel
cpu family	: 6
model		: 63
model name	: Intel(R) Xeon(R) CPU E5-2676 v3 @ 2.40GHz
stepping	: 2
microcode	: 0x3c
cpu MHz		: 2400.068
cache size	: 30720 KB
physical id	: 0
siblings	: 1
core id		: 0
cpu cores	: 1
apicid		: 0
initial apicid	: 0
fpu		: yes
fpu_exception	: yes
cpuid level	: 13
wp		: yes
flags		: fpu vme de pse tsc msr pae mce cx8 apic sep mtrr pge mca cmov pat pse36 clflush mmx fxsr sse sse2 ht syscall nx rdtscp lm constant_tsc rep_good nopl xtopology eagerfpu pni pclmulqdq ssse3 fma cx16 pcid sse4_1 sse4_2 x2apic movbe popcnt tsc_deadline_timer aes xsave avx f16c rdrand hypervisor lahf_lm abm invpcid_single kaiser fsgsbase bmi1 avx2 smep bmi2 erms invpcid xsaveopt
bugs		: cpu_meltdown spectre_v1 spectre_v2 spec_store_bypass l1tf
bogomips	: 4800.13
clflush size	: 64
cache_alignment	: 64
address sizes	: 46 bits physical, 48 bits virtual
power management:



Memory: 4k page, physical 1014500k(54964k free), swap 0k(0k free)

vm_info: OpenJDK 64-Bit Server VM (25.181-b13) for linux-amd64 JRE (1.8.0_181-8u181-b13-0ubuntu0.16.04.1-b13), built on Jul 30 2018 21:06:27 by "buildd" with gcc 5.4.0 20160609

time: Thu Oct 11 23:31:19 2018
elapsed time: 537 seconds (0d 0h 8m 57s)

